#
# There is insufficient memory for the Java Runtime Environment to continue.
# Native memory allocation (malloc) failed to allocate 1101248 bytes for Chunk::new
# Possible reasons:
#   The system is out of physical RAM or swap space
#   The process is running with CompressedOops enabled, and the Java Heap may be blocking the growth of the native heap
# Possible solutions:
#   Reduce memory load on the system
#   Increase physical memory or swap space
#   Check if swap backing store is full
#   Decrease Java heap size (-Xmx/-Xms)
#   Decrease number of Java threads
#   Decrease Java thread stack sizes (-Xss)
#   Set larger code cache with -XX:ReservedCodeCacheSize=
#   JVM is running with Zero Based Compressed Oops mode in which the Java heap is
#     placed in the first 32GB address space. The Java Heap base address is the
#     maximum limit for the native heap growth. Please use -XX:HeapBaseMinAddress
#     to set the Java Heap base and to place the Java Heap above 32GB virtual address.
# This output file may be truncated or incomplete.
#
#  Out of Memory Error (arena.cpp:189), pid=13836, tid=35088
#
# JRE version: Java(TM) SE Runtime Environment (17.0.12+8) (build 17.0.12+8-LTS-286)
# Java VM: Java HotSpot(TM) 64-Bit Server VM (17.0.12+8-LTS-286, mixed mode, sharing, tiered, compressed oops, compressed class ptrs, parallel gc, windows-amd64)
# No core dump will be written. Minidumps are not enabled by default on client versions of Windows
#

---------------  S U M M A R Y ------------

Command Line: --add-opens=java.base/java.lang=ALL-UNNAMED --add-opens=java.base/java.lang.invoke=ALL-UNNAMED --add-opens=java.base/java.util=ALL-UNNAMED --add-opens=java.prefs/java.util.prefs=ALL-UNNAMED --add-exports=jdk.compiler/com.sun.tools.javac.api=ALL-UNNAMED --add-exports=jdk.compiler/com.sun.tools.javac.util=ALL-UNNAMED --add-opens=java.base/java.util=ALL-UNNAMED --add-opens=java.prefs/java.util.prefs=ALL-UNNAMED --add-opens=java.base/java.nio.charset=ALL-UNNAMED --add-opens=java.base/java.net=ALL-UNNAMED --add-opens=java.base/java.util.concurrent.atomic=ALL-UNNAMED --add-opens=java.xml/javax.xml.namespace=ALL-UNNAMED -XX:MaxMetaspaceSize=512m -XX:+UseParallelGC -Xmx4096m -Dfile.encoding=windows-1252 -Duser.country=CA -Duser.language=fr -Duser.variant -javaagent:C:\Users\triad\.gradle\wrapper\dists\gradle-8.14.3-bin\cv11ve7ro1n3o1j4so8xd9n66\gradle-8.14.3\lib\agents\gradle-instrumentation-agent-8.14.3.jar org.gradle.launcher.daemon.bootstrap.GradleDaemon 8.14.3

Host: Intel(R) Core(TM) i7-10510U CPU @ 1.80GHz, 8 cores, 15G,  Windows 11 , 64 bit Build 26100 (10.0.26100.7920)
Time: Thu Mar 26 12:14:51 2026 Est (heure d, 64 bit Build 26100 (10.0.26100.7920) elapsed time: 130.018706 seconds (0d 0h 2m 10s)

---------------  T H R E A D  ---------------

Current thread (0x000001f1fd8e4b90):  JavaThread "C2 CompilerThread0" daemon [_thread_in_native, id=35088, stack(0x0000008490800000,0x0000008490900000)]


Current CompileTask:
C2: 130021 52021       4       com.android.ide.common.gradle.Version$Companion::doParse (504 bytes)

Stack: [0x0000008490800000,0x0000008490900000]
Native frames: (J=compiled Java code, j=interpreted, Vv=VM code, C=native code)
V  [jvm.dll+0x67a04a]
V  [jvm.dll+0x7da4ed]
V  [jvm.dll+0x7dbe33]
V  [jvm.dll+0x7dc4a3]
V  [jvm.dll+0x24508f]
V  [jvm.dll+0xab773]
V  [jvm.dll+0xabd3c]
V  [jvm.dll+0x361bee]
V  [jvm.dll+0x1ba64a]
V  [jvm.dll+0x216997]
V  [jvm.dll+0x215c6f]
V  [jvm.dll+0x1a2960]
V  [jvm.dll+0x22610b]
V  [jvm.dll+0x2242ab]
V  [jvm.dll+0x79075c]
V  [jvm.dll+0x78abea]
V  [jvm.dll+0x678f35]
C  [ucrtbase.dll+0x37b0]
C  [KERNEL32.DLL+0x2e8d7]
C  [ntdll.dll+0x8c48c]


---------------  P R O C E S S  ---------------

Threads class SMR info:
_java_thread_list=0x000001f1b7a340e0, length=194, elements={
0x000001f1dde35980, 0x000001f1fd8ba520, 0x000001f1fd8bb2b0, 0x000001f1fd8da940,
0x000001f1fd8db410, 0x000001f1fd8dcef0, 0x000001f1fd8df7d0, 0x000001f1fd8e4b90,
0x000001f1fd8e5cf0, 0x000001f1fd8e9b00, 0x000001f1ddef34a0, 0x000001f1ff8e78c0,
0x000001f19f7fc050, 0x000001f1a04dfd10, 0x000001f19f112400, 0x000001f1a03db050,
0x000001f1a00b5860, 0x000001f1a0bed580, 0x000001f1a0bf0310, 0x000001f1a0bf0820,
0x000001f1a0bee4b0, 0x000001f1a0befe00, 0x000001f1a0bef8f0, 0x000001f1a0beeed0,
0x000001f1a0beda90, 0x000001f1a0bedfa0, 0x000001f1a0bef3e0, 0x000001f1a0bee9c0,
0x000001f1a375bf90, 0x000001f1a375e300, 0x000001f1a375b570, 0x000001f1a375ba80,
0x000001f1a375b060, 0x000001f1a375e810, 0x000001f1a375d8e0, 0x000001f1a375f230,
0x000001f1a375ddf0, 0x000001f1a375f740, 0x000001f1a375c4a0, 0x000001f1a375ed20,
0x000001f1a375fc50, 0x000001f1a3760160, 0x000001f1a375c9b0, 0x000001f1a3760670,
0x000001f1a37615a0, 0x000001f1a3760b80, 0x000001f1a3761fc0, 0x000001f1a37624d0,
0x000001f1a3761090, 0x000001f1a3761ab0, 0x000001f1a37629e0, 0x000001f1a1e14e30,
0x000001f1a1e13f00, 0x000001f1a1e120a0, 0x000001f1a1e12ac0, 0x000001f1a1e15d60,
0x000001f1a1e15340, 0x000001f1a1e125b0, 0x000001f1a1e12fd0, 0x000001f1a1e15850,
0x000001f1a1e16780, 0x000001f1a1e16270, 0x000001f1a1e16c90, 0x000001f1a1e14410,
0x000001f1a1e14920, 0x000001f1a1e139f0, 0x000001f1a1e134e0, 0x000001f1a1e17bc0,
0x000001f1a1e180d0, 0x000001f1a1e185e0, 0x000001f1a1e18af0, 0x000001f1a1e19000,
0x000001f1a1e19510, 0x000001f1a1e19a20, 0x000001f1a22dfd40, 0x000001f1a22df830,
0x000001f1a22e0760, 0x000001f1a22e1180, 0x000001f1a22e0c70, 0x000001f1a22e1690,
0x000001f1a22e1ba0, 0x000001f1a22e2ad0, 0x000001f1a22e20b0, 0x000001f1a22e25c0,
0x000001f1a22df320, 0x000001f1a0e0d390, 0x000001f1a0e0ba40, 0x000001f1a0e0d8a0,
0x000001f1a0e0bf50, 0x000001f1a0e0c970, 0x000001f1a0e0c460, 0x000001f1a0e0e2c0,
0x000001f1a0e0ddb0, 0x000001f1a0e0ce80, 0x000001f1a0e0e7d0, 0x000001f1a0e0b020,
0x000001f1a0e0b530, 0x000001f1a0e11a70, 0x000001f1a0e11560, 0x000001f1a0e0f700,
0x000001f1a0e10120, 0x000001f1a0e10630, 0x000001f1a0e10b40, 0x000001f1a0e11f80,
0x000001f1a0e12490, 0x000001f1a0e0ece0, 0x000001f1a0e129a0, 0x000001f1a0e0f1f0,
0x000001f1a0e0fc10, 0x000001f1ff9832d0, 0x000001f1ff983cf0, 0x000001f1ff986a80,
0x000001f1ff984200, 0x000001f1ff985640, 0x000001f1a3c97cf0, 0x000001f1a4279780,
0x000001f1a4278850, 0x000001f1a4279c90, 0x000001f1ff986570, 0x000001f1ff985b50,
0x000001f1ff986060, 0x000001f1a32ed490, 0x000001f1a32ec560, 0x000001f1a23b5080,
0x000001f1a62d4480, 0x000001f1a3c977e0, 0x000001f1a62d3a60, 0x000001f1a3c98c20,
0x000001f1ff986f90, 0x000001f1a3c972d0, 0x000001f1ff9837e0, 0x000001f1a3c98200,
0x000001f1ff9874a0, 0x000001f1ff9879b0, 0x000001f1ff987ec0, 0x000001f1a62d3f70,
0x000001f1a1a00ad0, 0x000001f1a1a005c0, 0x000001f19fec1030, 0x000001f1a32ebb40,
0x000001f1a2f677e0, 0x000001f1ff984710, 0x000001f1a32ecf80, 0x000001f19febe7b0,
0x000001f1a63a8ec0, 0x000001f1a131cfa0, 0x000001f1a131e3e0, 0x000001f1a131f310,
0x000001f1ff984c20, 0x000001f1a63aa300, 0x000001f1a361e3f0, 0x000001f1a23b4150,
0x000001f1a4279270, 0x000001f1a61ce3e0, 0x000001f1a61ce8f0, 0x000001f1a131e8f0,
0x000001f1ae3a7910, 0x000001f1a361ac40, 0x000001f1a361caa0, 0x000001f1a61cded0,
0x000001f1a61cd4b0, 0x000001f1ae3a7e20, 0x000001f1ae3a69e0, 0x000001f1a131ee00,
0x000001f1a131c070, 0x000001f1a131c580, 0x000001f1a1a014f0, 0x000001f1a68f34f0,
0x000001f1ae3a6ef0, 0x000001f1a361cfb0, 0x000001f1a361b150, 0x000001f1ae3a7400,
0x000001f1a61ccfa0, 0x000001f1a4bfd8e0, 0x000001f1adc521c0, 0x000001f1a2f67cf0,
0x000001f1a68f25c0, 0x000001f1adc517a0, 0x000001f1ae3840c0, 0x000001f1ae3845d0,
0x000001f1adc52be0, 0x000001f1a63aa810, 0x000001f1ae07c3d0, 0x000001f1ae07af90,
0x000001f1b68cd480, 0x000001f1adc53600, 0x000001f1adc51cb0, 0x000001f1a4bfe810,
0x000001f1a4bfddf0, 0x000001f1b6b0bf10, 0x000001f1aea661c0, 0x000001f1aea66be0,
0x000001f1b5332930, 0x000001f1b5337e30
}

Java Threads: ( => current thread )
  0x000001f1dde35980 JavaThread "main" [_thread_blocked, id=28176, stack(0x000000848ff00000,0x0000008490000000)]
  0x000001f1fd8ba520 JavaThread "Reference Handler" daemon [_thread_blocked, id=54288, stack(0x0000008490200000,0x0000008490300000)]
  0x000001f1fd8bb2b0 JavaThread "Finalizer" daemon [_thread_blocked, id=41980, stack(0x0000008490300000,0x0000008490400000)]
  0x000001f1fd8da940 JavaThread "Signal Dispatcher" daemon [_thread_blocked, id=53936, stack(0x0000008490400000,0x0000008490500000)]
  0x000001f1fd8db410 JavaThread "Attach Listener" daemon [_thread_blocked, id=51236, stack(0x0000008490500000,0x0000008490600000)]
  0x000001f1fd8dcef0 JavaThread "Service Thread" daemon [_thread_blocked, id=28096, stack(0x0000008490600000,0x0000008490700000)]
  0x000001f1fd8df7d0 JavaThread "Monitor Deflation Thread" daemon [_thread_blocked, id=35160, stack(0x0000008490700000,0x0000008490800000)]
=>0x000001f1fd8e4b90 JavaThread "C2 CompilerThread0" daemon [_thread_in_native, id=35088, stack(0x0000008490800000,0x0000008490900000)]
  0x000001f1fd8e5cf0 JavaThread "C1 CompilerThread0" daemon [_thread_blocked, id=30868, stack(0x0000008490900000,0x0000008490a00000)]
  0x000001f1fd8e9b00 JavaThread "Sweeper thread" daemon [_thread_blocked, id=1140, stack(0x0000008490a00000,0x0000008490b00000)]
  0x000001f1ddef34a0 JavaThread "Common-Cleaner" daemon [_thread_blocked, id=54856, stack(0x0000008490b00000,0x0000008490c00000)]
  0x000001f1ff8e78c0 JavaThread "Notification Thread" daemon [_thread_blocked, id=6352, stack(0x0000008490c00000,0x0000008490d00000)]
  0x000001f19f7fc050 JavaThread "Daemon health stats" [_thread_blocked, id=30688, stack(0x0000008490f00000,0x0000008491000000)]
  0x000001f1a04dfd10 JavaThread "Incoming local TCP Connector on port 56908" [_thread_in_native, id=30888, stack(0x0000008491700000,0x0000008491800000)]
  0x000001f19f112400 JavaThread "Daemon periodic checks" [_thread_blocked, id=18248, stack(0x0000008491800000,0x0000008491900000)]
  0x000001f1a03db050 JavaThread "Daemon" [_thread_blocked, id=54780, stack(0x0000008491900000,0x0000008491a00000)]
  0x000001f1a00b5860 JavaThread "Handler for socket connection from /127.0.0.1:56908 to /127.0.0.1:56909" [_thread_in_native, id=30124, stack(0x0000008491a00000,0x0000008491b00000)]
  0x000001f1a0bed580 JavaThread "Cancel handler" [_thread_blocked, id=22824, stack(0x0000008491b00000,0x0000008491c00000)]
  0x000001f1a0bf0310 JavaThread "Daemon worker" [_thread_blocked, id=53008, stack(0x0000008491c00000,0x0000008491d00000)]
  0x000001f1a0bf0820 JavaThread "Asynchronous log dispatcher for DefaultDaemonConnection: socket connection from /127.0.0.1:56908 to /127.0.0.1:56909" [_thread_blocked, id=43696, stack(0x0000008491d00000,0x0000008491e00000)]
  0x000001f1a0bee4b0 JavaThread "Stdin handler" [_thread_blocked, id=54760, stack(0x0000008491e00000,0x0000008491f00000)]
  0x000001f1a0befe00 JavaThread "Daemon client event forwarder" [_thread_blocked, id=53568, stack(0x0000008491f00000,0x0000008492000000)]
  0x000001f1a0bef8f0 JavaThread "Cache worker for journal cache (C:\Users\triad\.gradle\caches\journal-1)" [_thread_blocked, id=55024, stack(0x0000008490e00000,0x0000008490f00000)]
  0x000001f1a0beeed0 JavaThread "File lock request listener" [_thread_in_native, id=4880, stack(0x0000008492000000,0x0000008492100000)]
  0x000001f1a0beda90 JavaThread "Cache worker for file hash cache (C:\Users\triad\.gradle\caches\8.14.3\fileHashes)" [_thread_blocked, id=38096, stack(0x0000008492100000,0x0000008492200000)]
  0x000001f1a0bedfa0 JavaThread "Cache worker for file hash cache (C:\Users\triad\OneDrive\Documents\antigravity\SmarTube7-main\SmarTube7-main\frontend\android\.gradle\8.14.3\fileHashes)" [_thread_blocked, id=36920, stack(0x0000008492400000,0x0000008492500000)]
  0x000001f1a0bef3e0 JavaThread "Cache worker for Build Output Cleanup Cache (C:\Users\triad\OneDrive\Documents\antigravity\SmarTube7-main\SmarTube7-main\frontend\android\.gradle\buildOutputCleanup)" [_thread_blocked, id=31212, stack(0x0000008492500000,0x0000008492600000)]
  0x000001f1a0bee9c0 JavaThread "File watcher server" daemon [_thread_in_native, id=16720, stack(0x0000008492600000,0x0000008492700000)]
  0x000001f1a375bf90 JavaThread "File watcher consumer" daemon [_thread_blocked, id=33288, stack(0x0000008492700000,0x0000008492800000)]
  0x000001f1a375e300 JavaThread "jar transforms" [_thread_blocked, id=28148, stack(0x0000008492800000,0x0000008492900000)]
  0x000001f1a375b570 JavaThread "Cache worker for checksums cache (C:\Users\triad\OneDrive\Documents\antigravity\SmarTube7-main\SmarTube7-main\frontend\android\.gradle\8.14.3\checksums)" [_thread_blocked, id=53136, stack(0x0000008492900000,0x0000008492a00000)]
  0x000001f1a375ba80 JavaThread "Cache worker for file content cache (C:\Users\triad\.gradle\caches\8.14.3\fileContent)" [_thread_blocked, id=50872, stack(0x0000008492a00000,0x0000008492b00000)]
  0x000001f1a375b060 JavaThread "Exec process" [_thread_in_native, id=54920, stack(0x0000008492b00000,0x0000008492c00000)]
  0x000001f1a375e810 JavaThread "Exec process Thread 2" [_thread_blocked, id=54892, stack(0x0000008492c00000,0x0000008492d00000)]
  0x000001f1a375d8e0 JavaThread "Exec process Thread 3" [_thread_in_native, id=54912, stack(0x0000008492d00000,0x0000008492e00000)]
  0x000001f1a375f230 JavaThread "Cache worker for cache directory md-supplier (C:\Users\triad\.gradle\caches\8.14.3\md-supplier)" [_thread_blocked, id=45912, stack(0x0000008492200000,0x0000008492300000)]
  0x000001f1a375ddf0 JavaThread "Cache worker for cache directory md-rule (C:\Users\triad\.gradle\caches\8.14.3\md-rule)" [_thread_blocked, id=33500, stack(0x0000008492300000,0x0000008492400000)]
  0x000001f1a375f740 JavaThread "Cache worker for Build Output Cleanup Cache (C:\Users\triad\OneDrive\Documents\antigravity\SmarTube7-main\SmarTube7-main\frontend\node_modules\@react-native\gradle-plugin\.gradle\buildOutputCleanup)" [_thread_blocked, id=22340, stack(0x0000008492e00000,0x0000008492f00000)]
  0x000001f1a375c4a0 JavaThread "Unconstrained build operations" [_thread_blocked, id=52780, stack(0x0000008493000000,0x0000008493100000)]
  0x000001f1a375ed20 JavaThread "Unconstrained build operations Thread 2" [_thread_blocked, id=16116, stack(0x0000008493100000,0x0000008493200000)]
  0x000001f1a375fc50 JavaThread "Unconstrained build operations Thread 3" [_thread_blocked, id=54652, stack(0x0000008493200000,0x0000008493300000)]
  0x000001f1a3760160 JavaThread "Unconstrained build operations Thread 4" [_thread_blocked, id=53172, stack(0x0000008493300000,0x0000008493400000)]
  0x000001f1a375c9b0 JavaThread "Unconstrained build operations Thread 5" [_thread_blocked, id=54896, stack(0x0000008493400000,0x0000008493500000)]
  0x000001f1a3760670 JavaThread "Unconstrained build operations Thread 6" [_thread_blocked, id=2012, stack(0x0000008493500000,0x0000008493600000)]
  0x000001f1a37615a0 JavaThread "Cache worker for Build Output Cleanup Cache (C:\Users\triad\OneDrive\Documents\antigravity\SmarTube7-main\SmarTube7-main\frontend\node_modules\expo-modules-autolinking\android\expo-gradle-plugin\.gradle\buildOutputCleanup)" [_thread_blocked, id=34260, stack(0x0000008493600000,0x0000008493700000)]
  0x000001f1a3760b80 JavaThread "Unconstrained build operations Thread 7" [_thread_blocked, id=34876, stack(0x0000008493800000,0x0000008493900000)]
  0x000001f1a3761fc0 JavaThread "Unconstrained build operations Thread 8" [_thread_blocked, id=35540, stack(0x0000008493900000,0x0000008493a00000)]
  0x000001f1a37624d0 JavaThread "Unconstrained build operations Thread 9" [_thread_blocked, id=3416, stack(0x0000008493a00000,0x0000008493b00000)]
  0x000001f1a3761090 JavaThread "Unconstrained build operations Thread 10" [_thread_blocked, id=41972, stack(0x0000008493b00000,0x0000008493c00000)]
  0x000001f1a3761ab0 JavaThread "Unconstrained build operations Thread 11" [_thread_blocked, id=52980, stack(0x0000008493c00000,0x0000008493d00000)]
  0x000001f1a37629e0 JavaThread "Unconstrained build operations Thread 12" [_thread_blocked, id=48212, stack(0x0000008493d00000,0x0000008493e00000)]
  0x000001f1a1e14e30 JavaThread "Unconstrained build operations Thread 13" [_thread_blocked, id=53116, stack(0x0000008493e00000,0x0000008493f00000)]
  0x000001f1a1e13f00 JavaThread "Unconstrained build operations Thread 14" [_thread_blocked, id=36992, stack(0x0000008493f00000,0x0000008494000000)]
  0x000001f1a1e120a0 JavaThread "Unconstrained build operations Thread 15" [_thread_blocked, id=29996, stack(0x0000008494000000,0x0000008494100000)]
  0x000001f1a1e12ac0 JavaThread "Unconstrained build operations Thread 16" [_thread_blocked, id=19844, stack(0x0000008494100000,0x0000008494200000)]
  0x000001f1a1e15d60 JavaThread "Unconstrained build operations Thread 17" [_thread_blocked, id=53928, stack(0x0000008494200000,0x0000008494300000)]
  0x000001f1a1e15340 JavaThread "Unconstrained build operations Thread 18" [_thread_blocked, id=26728, stack(0x0000008494300000,0x0000008494400000)]
  0x000001f1a1e125b0 JavaThread "Unconstrained build operations Thread 19" [_thread_blocked, id=39824, stack(0x0000008494400000,0x0000008494500000)]
  0x000001f1a1e12fd0 JavaThread "Unconstrained build operations Thread 20" [_thread_blocked, id=51812, stack(0x0000008494500000,0x0000008494600000)]
  0x000001f1a1e15850 JavaThread "Unconstrained build operations Thread 21" [_thread_blocked, id=7352, stack(0x0000008494600000,0x0000008494700000)]
  0x000001f1a1e16780 JavaThread "Unconstrained build operations Thread 22" [_thread_blocked, id=51320, stack(0x0000008494700000,0x0000008494800000)]
  0x000001f1a1e16270 JavaThread "Unconstrained build operations Thread 23" [_thread_blocked, id=44912, stack(0x0000008494800000,0x0000008494900000)]
  0x000001f1a1e16c90 JavaThread "Unconstrained build operations Thread 24" [_thread_blocked, id=54308, stack(0x0000008494900000,0x0000008494a00000)]
  0x000001f1a1e14410 JavaThread "Unconstrained build operations Thread 25" [_thread_blocked, id=44748, stack(0x0000008494a00000,0x0000008494b00000)]
  0x000001f1a1e14920 JavaThread "Unconstrained build operations Thread 26" [_thread_blocked, id=36056, stack(0x0000008494b00000,0x0000008494c00000)]
  0x000001f1a1e139f0 JavaThread "Unconstrained build operations Thread 27" [_thread_blocked, id=41880, stack(0x0000008494c00000,0x0000008494d00000)]
  0x000001f1a1e134e0 JavaThread "build event listener" [_thread_blocked, id=52560, stack(0x0000008493700000,0x0000008493800000)]
  0x000001f1a1e17bc0 JavaThread "Memory manager" [_thread_blocked, id=23912, stack(0x0000008492f00000,0x0000008493000000)]
  0x000001f1a1e180d0 JavaThread "Unconstrained build operations Thread 28" [_thread_blocked, id=52136, stack(0x0000008494f00000,0x0000008495000000)]
  0x000001f1a1e185e0 JavaThread "Unconstrained build operations Thread 29" [_thread_blocked, id=49036, stack(0x0000008495000000,0x0000008495100000)]
  0x000001f1a1e18af0 JavaThread "Unconstrained build operations Thread 30" [_thread_blocked, id=52976, stack(0x0000008495100000,0x0000008495200000)]
  0x000001f1a1e19000 JavaThread "Unconstrained build operations Thread 31" [_thread_blocked, id=30404, stack(0x0000008495200000,0x0000008495300000)]
  0x000001f1a1e19510 JavaThread "Unconstrained build operations Thread 32" [_thread_blocked, id=19416, stack(0x0000008495300000,0x0000008495400000)]
  0x000001f1a1e19a20 JavaThread "Unconstrained build operations Thread 33" [_thread_blocked, id=51808, stack(0x0000008495400000,0x0000008495500000)]
  0x000001f1a22dfd40 JavaThread "Unconstrained build operations Thread 34" [_thread_blocked, id=41632, stack(0x0000008495500000,0x0000008495600000)]
  0x000001f1a22df830 JavaThread "build event listener" [_thread_blocked, id=53188, stack(0x0000008495600000,0x0000008495700000)]
  0x000001f1a22e0760 JavaThread "Unconstrained build operations Thread 35" [_thread_blocked, id=10668, stack(0x0000008495700000,0x0000008495800000)]
  0x000001f1a22e1180 JavaThread "Unconstrained build operations Thread 36" [_thread_blocked, id=49380, stack(0x0000008495800000,0x0000008495900000)]
  0x000001f1a22e0c70 JavaThread "Unconstrained build operations Thread 37" [_thread_blocked, id=30084, stack(0x0000008495900000,0x0000008495a00000)]
  0x000001f1a22e1690 JavaThread "Unconstrained build operations Thread 38" [_thread_blocked, id=53032, stack(0x0000008495a00000,0x0000008495b00000)]
  0x000001f1a22e1ba0 JavaThread "Unconstrained build operations Thread 39" [_thread_blocked, id=55280, stack(0x0000008495b00000,0x0000008495c00000)]
  0x000001f1a22e2ad0 JavaThread "Unconstrained build operations Thread 40" [_thread_blocked, id=22216, stack(0x0000008495c00000,0x0000008495d00000)]
  0x000001f1a22e20b0 JavaThread "Unconstrained build operations Thread 41" [_thread_blocked, id=54888, stack(0x0000008495d00000,0x0000008495e00000)]
  0x000001f1a22e25c0 JavaThread "Unconstrained build operations Thread 42" [_thread_blocked, id=37732, stack(0x0000008495e00000,0x0000008495f00000)]
  0x000001f1a22df320 JavaThread "Unconstrained build operations Thread 43" [_thread_blocked, id=19864, stack(0x0000008495f00000,0x0000008496000000)]
  0x000001f1a0e0d390 JavaThread "Unconstrained build operations Thread 44" [_thread_blocked, id=3076, stack(0x0000008496000000,0x0000008496100000)]
  0x000001f1a0e0ba40 JavaThread "Unconstrained build operations Thread 45" [_thread_blocked, id=53048, stack(0x0000008496100000,0x0000008496200000)]
  0x000001f1a0e0d8a0 JavaThread "Unconstrained build operations Thread 46" [_thread_blocked, id=52544, stack(0x0000008496200000,0x0000008496300000)]
  0x000001f1a0e0bf50 JavaThread "Unconstrained build operations Thread 47" [_thread_blocked, id=2616, stack(0x0000008496300000,0x0000008496400000)]
  0x000001f1a0e0c970 JavaThread "Unconstrained build operations Thread 48" [_thread_blocked, id=45492, stack(0x0000008496400000,0x0000008496500000)]
  0x000001f1a0e0c460 JavaThread "Unconstrained build operations Thread 49" [_thread_blocked, id=31752, stack(0x0000008496500000,0x0000008496600000)]
  0x000001f1a0e0e2c0 JavaThread "Unconstrained build operations Thread 50" [_thread_blocked, id=35684, stack(0x0000008496600000,0x0000008496700000)]
  0x000001f1a0e0ddb0 JavaThread "Unconstrained build operations Thread 51" [_thread_blocked, id=55252, stack(0x0000008496700000,0x0000008496800000)]
  0x000001f1a0e0ce80 JavaThread "Unconstrained build operations Thread 52" [_thread_blocked, id=35520, stack(0x0000008496800000,0x0000008496900000)]
  0x000001f1a0e0e7d0 JavaThread "Unconstrained build operations Thread 53" [_thread_blocked, id=52480, stack(0x0000008496900000,0x0000008496a00000)]
  0x000001f1a0e0b020 JavaThread "Unconstrained build operations Thread 54" [_thread_blocked, id=52028, stack(0x0000008496a00000,0x0000008496b00000)]
  0x000001f1a0e0b530 JavaThread "Unconstrained build operations Thread 55" [_thread_blocked, id=43152, stack(0x0000008496b00000,0x0000008496c00000)]
  0x000001f1a0e11a70 JavaThread "ForkJoinPool.commonPool-worker-1" daemon [_thread_blocked, id=53952, stack(0x0000008496c00000,0x0000008496d00000)]
  0x000001f1a0e11560 JavaThread "ForkJoinPool.commonPool-worker-2" daemon [_thread_blocked, id=53904, stack(0x0000008496d00000,0x0000008496e00000)]
  0x000001f1a0e0f700 JavaThread "ForkJoinPool.commonPool-worker-3" daemon [_thread_blocked, id=54816, stack(0x0000008496e00000,0x0000008496f00000)]
  0x000001f1a0e10120 JavaThread "ForkJoinPool.commonPool-worker-4" daemon [_thread_blocked, id=36488, stack(0x0000008496f00000,0x0000008497000000)]
  0x000001f1a0e10630 JavaThread "ForkJoinPool.commonPool-worker-5" daemon [_thread_blocked, id=49808, stack(0x0000008497000000,0x0000008497100000)]
  0x000001f1a0e10b40 JavaThread "ForkJoinPool.commonPool-worker-6" daemon [_thread_blocked, id=24524, stack(0x0000008497100000,0x0000008497200000)]
  0x000001f1a0e11f80 JavaThread "ForkJoinPool.commonPool-worker-7" daemon [_thread_blocked, id=17356, stack(0x0000008497200000,0x0000008497300000)]
  0x000001f1a0e12490 JavaThread "included builds Thread 2" [_thread_blocked, id=54044, stack(0x0000008497400000,0x0000008497500000)]
  0x000001f1a0e0ece0 JavaThread "Execution worker" [_thread_blocked, id=52672, stack(0x0000008497500000,0x0000008497600000)]
  0x000001f1a0e129a0 JavaThread "Execution worker Thread 2" [_thread_blocked, id=52944, stack(0x0000008497600000,0x0000008497700000)]
  0x000001f1a0e0f1f0 JavaThread "Execution worker Thread 3" [_thread_blocked, id=53224, stack(0x0000008497700000,0x0000008497800000)]
  0x000001f1a0e0fc10 JavaThread "Execution worker Thread 4" [_thread_blocked, id=53920, stack(0x0000008497800000,0x0000008497900000)]
  0x000001f1ff9832d0 JavaThread "Execution worker Thread 5" [_thread_blocked, id=52256, stack(0x0000008497900000,0x0000008497a00000)]
  0x000001f1ff983cf0 JavaThread "Execution worker Thread 6" [_thread_blocked, id=53332, stack(0x0000008497a00000,0x0000008497b00000)]
  0x000001f1ff986a80 JavaThread "Execution worker Thread 7" [_thread_blocked, id=53692, stack(0x0000008497b00000,0x0000008497c00000)]
  0x000001f1ff984200 JavaThread "Cache worker for execution history cache (C:\Users\triad\OneDrive\Documents\antigravity\SmarTube7-main\SmarTube7-main\frontend\node_modules\expo-modules-autolinking\android\expo-gradle-plugin\.gradle\8.14.3\executionHistory)" [_thread_blocked, id=46200, stack(0x0000008497c00000,0x0000008497d00000)]
  0x000001f1ff985640 JavaThread "Cache worker for execution history cache (C:\Users\triad\OneDrive\Documents\antigravity\SmarTube7-main\SmarTube7-main\frontend\node_modules\@react-native\gradle-plugin\.gradle\8.14.3\executionHistory)" [_thread_blocked, id=53756, stack(0x0000008497d00000,0x0000008497e00000)]
  0x000001f1a3c97cf0 JavaThread "Unconstrained build operations Thread 56" [_thread_blocked, id=51276, stack(0x0000008497e00000,0x0000008497f00000)]
  0x000001f1a4279780 JavaThread "Unconstrained build operations Thread 57" [_thread_blocked, id=1736, stack(0x0000008497f00000,0x0000008498000000)]
  0x000001f1a4278850 JavaThread "Unconstrained build operations Thread 58" [_thread_blocked, id=52192, stack(0x0000008498000000,0x0000008498100000)]
  0x000001f1a4279c90 JavaThread "Unconstrained build operations Thread 59" [_thread_blocked, id=54380, stack(0x0000008498100000,0x0000008498200000)]
  0x000001f1ff986570 JavaThread "Unconstrained build operations Thread 60" [_thread_blocked, id=51996, stack(0x0000008498200000,0x0000008498300000)]
  0x000001f1ff985b50 JavaThread "Unconstrained build operations Thread 61" [_thread_blocked, id=30080, stack(0x0000008498300000,0x0000008498400000)]
  0x000001f1ff986060 JavaThread "Unconstrained build operations Thread 62" [_thread_blocked, id=53872, stack(0x0000008498400000,0x0000008498500000)]
  0x000001f1a32ed490 JavaThread "Unconstrained build operations Thread 63" [_thread_blocked, id=51572, stack(0x0000008498500000,0x0000008498600000)]
  0x000001f1a32ec560 JavaThread "Unconstrained build operations Thread 64" [_thread_blocked, id=10260, stack(0x0000008498600000,0x0000008498700000)]
  0x000001f1a23b5080 JavaThread "Unconstrained build operations Thread 65" [_thread_blocked, id=43092, stack(0x0000008498700000,0x0000008498800000)]
  0x000001f1a62d4480 JavaThread "Unconstrained build operations Thread 66" [_thread_blocked, id=52764, stack(0x0000008498800000,0x0000008498900000)]
  0x000001f1a3c977e0 JavaThread "Unconstrained build operations Thread 67" [_thread_blocked, id=55072, stack(0x0000008498900000,0x0000008498a00000)]
  0x000001f1a62d3a60 JavaThread "Unconstrained build operations Thread 68" [_thread_blocked, id=55068, stack(0x0000008498a00000,0x0000008498b00000)]
  0x000001f1a3c98c20 JavaThread "Unconstrained build operations Thread 69" [_thread_blocked, id=51352, stack(0x0000008498b00000,0x0000008498c00000)]
  0x000001f1ff986f90 JavaThread "Unconstrained build operations Thread 70" [_thread_blocked, id=52884, stack(0x0000008498c00000,0x0000008498d00000)]
  0x000001f1a3c972d0 JavaThread "Unconstrained build operations Thread 71" [_thread_blocked, id=53796, stack(0x0000008498d00000,0x0000008498e00000)]
  0x000001f1ff9837e0 JavaThread "Unconstrained build operations Thread 72" [_thread_blocked, id=27416, stack(0x0000008498e00000,0x0000008498f00000)]
  0x000001f1a3c98200 JavaThread "Unconstrained build operations Thread 73" [_thread_blocked, id=52108, stack(0x0000008498f00000,0x0000008499000000)]
  0x000001f1ff9874a0 JavaThread "Unconstrained build operations Thread 74" [_thread_blocked, id=40204, stack(0x0000008499000000,0x0000008499100000)]
  0x000001f1ff9879b0 JavaThread "Unconstrained build operations Thread 76" [_thread_blocked, id=51388, stack(0x0000008499100000,0x0000008499200000)]
  0x000001f1ff987ec0 JavaThread "Unconstrained build operations Thread 77" [_thread_blocked, id=52676, stack(0x0000008499200000,0x0000008499300000)]
  0x000001f1a62d3f70 JavaThread "Unconstrained build operations Thread 75" [_thread_blocked, id=18844, stack(0x0000008499300000,0x0000008499400000)]
  0x000001f1a1a00ad0 JavaThread "Unconstrained build operations Thread 78" [_thread_blocked, id=43900, stack(0x0000008499400000,0x0000008499500000)]
  0x000001f1a1a005c0 JavaThread "Unconstrained build operations Thread 79" [_thread_blocked, id=50952, stack(0x0000008499500000,0x0000008499600000)]
  0x000001f19fec1030 JavaThread "Unconstrained build operations Thread 80" [_thread_blocked, id=53524, stack(0x0000008499600000,0x0000008499700000)]
  0x000001f1a32ebb40 JavaThread "jar transforms Thread 2" [_thread_blocked, id=54976, stack(0x0000008494d00000,0x0000008494e00000)]
  0x000001f1a2f677e0 JavaThread "Cache worker for Build Output Cleanup Cache (C:\Users\triad\OneDrive\Documents\antigravity\SmarTube7-main\SmarTube7-main\frontend\node_modules\expo-modules-core\expo-module-gradle-plugin\.gradle\buildOutputCleanup)" [_thread_blocked, id=11256, stack(0x0000008494e00000,0x0000008494f00000)]
  0x000001f1ff984710 JavaThread "build event listener" [_thread_blocked, id=52972, stack(0x0000008499900000,0x0000008499a00000)]
  0x000001f1a32ecf80 JavaThread "jar transforms Thread 3" [_thread_blocked, id=54188, stack(0x0000008499a00000,0x0000008499b00000)]
  0x000001f19febe7b0 JavaThread "Cache worker for execution history cache (C:\Users\triad\OneDrive\Documents\antigravity\SmarTube7-main\SmarTube7-main\frontend\node_modules\expo-modules-core\expo-module-gradle-plugin\.gradle\8.14.3\executionHistory)" [_thread_blocked, id=54564, stack(0x0000008499c00000,0x0000008499d00000)]
  0x000001f1a63a8ec0 JavaThread "jar transforms Thread 4" [_thread_blocked, id=47628, stack(0x0000008499d00000,0x0000008499e00000)]
  0x000001f1a131cfa0 JavaThread "Problems report writer" [_thread_blocked, id=54636, stack(0x0000008499e00000,0x0000008499f00000)]
  0x000001f1a131e3e0 JavaThread "jar transforms Thread 5" [_thread_blocked, id=54808, stack(0x0000008499f00000,0x000000849a000000)]
  0x000001f1a131f310 JavaThread "jar transforms Thread 6" [_thread_blocked, id=14640, stack(0x000000849a000000,0x000000849a100000)]
  0x000001f1ff984c20 JavaThread "build event listener" [_thread_blocked, id=52828, stack(0x000000849a100000,0x000000849a200000)]
  0x000001f1a63aa300 JavaThread "jar transforms Thread 7" [_thread_blocked, id=13852, stack(0x000000849a200000,0x000000849a300000)]
  0x000001f1a361e3f0 JavaThread "jar transforms Thread 8" [_thread_blocked, id=26824, stack(0x000000849a300000,0x000000849a400000)]
  0x000001f1a23b4150 JavaThread "Cache worker for execution history cache (C:\Users\triad\OneDrive\Documents\antigravity\SmarTube7-main\SmarTube7-main\frontend\android\.gradle\8.14.3\executionHistory)" [_thread_blocked, id=9796, stack(0x000000849a600000,0x000000849a700000)]
  0x000001f1a4279270 JavaThread "Exec process Thread 4" [_thread_blocked, id=34840, stack(0x000000849a700000,0x000000849a800000)]
  0x000001f1a61ce3e0 JavaThread "Exec process Thread 5" [_thread_in_native, id=55048, stack(0x000000849a800000,0x000000849a900000)]
  0x000001f1a61ce8f0 JavaThread "Exec process Thread 6" [_thread_in_native, id=54332, stack(0x000000849a900000,0x000000849aa00000)]
  0x000001f1a131e8f0 JavaThread "Exec process Thread 7" [_thread_in_native, id=22332, stack(0x000000849aa00000,0x000000849ab00000)]
  0x000001f1ae3a7910 JavaThread "Exec process Thread 8" [_thread_blocked, id=54716, stack(0x000000849ab00000,0x000000849ac00000)]
  0x000001f1a361ac40 JavaThread "Exec process Thread 9" [_thread_blocked, id=53948, stack(0x000000849ac00000,0x000000849ad00000)]
  0x000001f1a361caa0 JavaThread "Exec process Thread 10" [_thread_in_native, id=50288, stack(0x000000849ad00000,0x000000849ae00000)]
  0x000001f1a61cded0 JavaThread "Exec process Thread 11" [_thread_blocked, id=54296, stack(0x000000849ae00000,0x000000849af00000)]
  0x000001f1a61cd4b0 JavaThread "Exec process Thread 12" [_thread_blocked, id=21656, stack(0x000000849af00000,0x000000849b000000)]
  0x000001f1ae3a7e20 JavaThread "WorkerExecutor Queue" [_thread_in_vm, id=41172, stack(0x000000849b000000,0x000000849b100000)]
  0x000001f1ae3a69e0 JavaThread "Exec process Thread 13" [_thread_in_native, id=16612, stack(0x0000008499700000,0x0000008499800000)]
  0x000001f1a131ee00 JavaThread "Exec process Thread 14" [_thread_in_native, id=49836, stack(0x000000849b200000,0x000000849b300000)]
  0x000001f1a131c070 JavaThread "Exec process Thread 15" [_thread_in_native, id=7968, stack(0x000000849b300000,0x000000849b400000)]
  0x000001f1a131c580 JavaThread "WorkerExecutor Queue Thread 2" [_thread_blocked, id=34772, stack(0x000000849b100000,0x000000849b200000)]
  0x000001f1a1a014f0 JavaThread "WorkerExecutor Queue Thread 3" [_thread_blocked, id=43972, stack(0x000000849b400000,0x000000849b500000)]
  0x000001f1a68f34f0 JavaThread "WorkerExecutor Queue Thread 4" [_thread_blocked, id=41484, stack(0x000000849b500000,0x000000849b600000)]
  0x000001f1ae3a6ef0 JavaThread "WorkerExecutor Queue Thread 5" [_thread_blocked, id=692, stack(0x000000849b600000,0x000000849b700000)]
  0x000001f1a361cfb0 JavaThread "WorkerExecutor Queue Thread 6" [_thread_blocked, id=52748, stack(0x000000849b700000,0x000000849b800000)]
  0x000001f1a361b150 JavaThread "WorkerExecutor Queue Thread 7" [_thread_blocked, id=6340, stack(0x000000849b800000,0x000000849b900000)]
  0x000001f1ae3a7400 JavaThread "WorkerExecutor Queue Thread 8" [_thread_blocked, id=54660, stack(0x0000008499800000,0x0000008499900000)]
  0x000001f1a61ccfa0 JavaThread "Java2D Disposer" daemon [_thread_blocked, id=53600, stack(0x000000848fc00000,0x000000848fd00000)]
  0x000001f1a4bfd8e0 JavaThread "AWT-Windows" daemon [_thread_in_native, id=9580, stack(0x000000848fe00000,0x000000848ff00000)]
  0x000001f1adc521c0 JavaThread "DefaultDispatcher-worker-1" daemon [_thread_blocked, id=17256, stack(0x000000849bb00000,0x000000849bc00000)]
  0x000001f1a2f67cf0 JavaThread "DefaultDispatcher-worker-2" daemon [_thread_blocked, id=40704, stack(0x000000849bc00000,0x000000849bd00000)]
  0x000001f1a68f25c0 JavaThread "DefaultDispatcher-worker-3" daemon [_thread_blocked, id=52128, stack(0x000000849bd00000,0x000000849be00000)]
  0x000001f1adc517a0 JavaThread "DefaultDispatcher-worker-4" daemon [_thread_blocked, id=53596, stack(0x000000849be00000,0x000000849bf00000)]
  0x000001f1ae3840c0 JavaThread "DefaultDispatcher-worker-5" daemon [_thread_blocked, id=55124, stack(0x000000849bf00000,0x000000849c000000)]
  0x000001f1ae3845d0 JavaThread "DefaultDispatcher-worker-6" daemon [_thread_blocked, id=54080, stack(0x000000849c000000,0x000000849c100000)]
  0x000001f1adc52be0 JavaThread "DefaultDispatcher-worker-7" daemon [_thread_blocked, id=22008, stack(0x000000849c100000,0x000000849c200000)]
  0x000001f1a63aa810 JavaThread "DefaultDispatcher-worker-8" daemon [_thread_blocked, id=42432, stack(0x000000849c200000,0x000000849c300000)]
  0x000001f1ae07c3d0 JavaThread "DefaultDispatcher-worker-1" daemon [_thread_blocked, id=3436, stack(0x000000849c300000,0x000000849c400000)]
  0x000001f1ae07af90 JavaThread "DefaultDispatcher-worker-2" daemon [_thread_blocked, id=52272, stack(0x000000849c400000,0x000000849c500000)]
  0x000001f1b68cd480 JavaThread "DefaultDispatcher-worker-3" daemon [_thread_blocked, id=55240, stack(0x000000849c500000,0x000000849c600000)]
  0x000001f1adc53600 JavaThread "DefaultDispatcher-worker-4" daemon [_thread_blocked, id=17508, stack(0x000000849c600000,0x000000849c700000)]
  0x000001f1adc51cb0 JavaThread "DefaultDispatcher-worker-5" daemon [_thread_blocked, id=52900, stack(0x000000849c700000,0x000000849c800000)]
  0x000001f1a4bfe810 JavaThread "Periodic tasks thread" daemon [_thread_blocked, id=24904, stack(0x000000849c800000,0x000000849c900000)]
  0x000001f1a4bfddf0 JavaThread "ApplicationImpl pooled thread 1" [_thread_blocked, id=17048, stack(0x000000849c900000,0x000000849ca00000)]
  0x000001f1b6b0bf10 JavaThread "pool-4-thread-1" [_thread_blocked, id=54848, stack(0x000000849b900000,0x000000849ba00000)]
  0x000001f1aea661c0 JavaThread "stderr" [_thread_in_native, id=47312, stack(0x000000849ba00000,0x000000849bb00000)]
  0x000001f1aea66be0 JavaThread "stdout" [_thread_in_native, id=53052, stack(0x000000849ca00000,0x000000849cb00000)]
  0x000001f1b5332930 JavaThread "C2 CompilerThread1" daemon [_thread_in_native, id=55164, stack(0x000000848fd00000,0x000000848fe00000)]
  0x000001f1b5337e30 JavaThread "C2 CompilerThread2" daemon [_thread_in_native, id=40380, stack(0x0000008499b00000,0x0000008499c00000)]

Other Threads:
  0x000001f1ddefed00 VMThread "VM Thread" [stack: 0x0000008490100000,0x0000008490200000] [id=33696]
  0x000001f1ff8e8540 WatcherThread [stack: 0x0000008490d00000,0x0000008490e00000] [id=17124]
  0x000001f1dde4c890 GCTaskThread "GC Thread#0" [stack: 0x0000008490000000,0x0000008490100000] [id=39652]
  0x000001f1ffa4c280 GCTaskThread "GC Thread#1" [stack: 0x0000008491000000,0x0000008491100000] [id=52712]
  0x000001f19f2726a0 GCTaskThread "GC Thread#2" [stack: 0x0000008491100000,0x0000008491200000] [id=53472]
  0x000001f1a018fec0 GCTaskThread "GC Thread#3" [stack: 0x0000008491200000,0x0000008491300000] [id=42232]
  0x000001f1a0190180 GCTaskThread "GC Thread#4" [stack: 0x0000008491300000,0x0000008491400000] [id=30340]
  0x000001f1a0bfdcb0 GCTaskThread "GC Thread#5" [stack: 0x0000008491400000,0x0000008491500000] [id=38404]
  0x000001f19f564b30 GCTaskThread "GC Thread#6" [stack: 0x0000008491500000,0x0000008491600000] [id=38232]
  0x000001f19f564df0 GCTaskThread "GC Thread#7" [stack: 0x0000008491600000,0x0000008491700000] [id=44052]

Threads with active compile tasks:
C2 CompilerThread0   130092 52021       4       com.android.ide.common.gradle.Version$Companion::doParse (504 bytes)
C2 CompilerThread1   130092 52037       4       java.math.BigInteger::<init> (404 bytes)
C2 CompilerThread2   130092 52049       4       java.security.MessageDigest::isEqual (100 bytes)

VM state: not at safepoint (normal execution)

VM Mutex/Monitor currently owned by a thread:  ([mutex/lock_event])
[0x000001f1dde2f900] Metaspace_lock - owner thread: 0x000001f1ae3a7e20

Heap address: 0x0000000700000000, size: 4096 MB, Compressed Oops mode: Zero based, Oop shift amount: 3

CDS archive(s) mapped at: [0x000001f180000000-0x000001f180bd0000-0x000001f180bd0000), size 12386304, SharedBaseAddress: 0x000001f180000000, ArchiveRelocationMode: 1.
Compressed class space mapped at: 0x000001f181000000-0x000001f19b000000, reserved size: 436207616
Narrow klass base: 0x000001f180000000, Narrow klass shift: 0, Narrow klass range: 0x100000000

GC Precious Log:
 CPUs: 8 total, 8 available
 Memory: 16182M
 Large Page Support: Disabled
 NUMA Support: Disabled
 Compressed Oops: Enabled (Zero based)
 Alignments: Space 512K, Generation 512K, Heap 2M
 Heap Min Capacity: 8M
 Heap Initial Capacity: 254M
 Heap Max Capacity: 4G
 Pre-touch: Disabled
 Parallel Workers: 8

Heap:
 PSYoungGen      total 379392K, used 325685K [0x00000007aab00000, 0x00000007ce500000, 0x0000000800000000)
  eden space 200704K, 76% used [0x00000007aab00000,0x00000007b4070d40,0x00000007b6f00000)
  from space 178688K, 96% used [0x00000007b6f00000,0x00000007c179c928,0x00000007c1d80000)
  to   space 153088K, 0% used [0x00000007c1d80000,0x00000007c1d80000,0x00000007cb300000)
 ParOldGen       total 458240K, used 385347K [0x0000000700000000, 0x000000071bf80000, 0x00000007aab00000)
  object space 458240K, 84% used [0x0000000700000000,0x0000000717850ec8,0x000000071bf80000)
 Metaspace       used 337166K, committed 340352K, reserved 753664K
  class space    used 42413K, committed 43840K, reserved 425984K

Card table byte_map: [0x000001f1f46f0000,0x000001f1f4f00000] _byte_map_base: 0x000001f1f0ef0000

Marking Bits: (ParMarkBitMap*) 0x00007ff97c7c2be0
 Begin Bits: [0x000001f1f4f00000, 0x000001f1f8f00000)
 End Bits:   [0x000001f1f8f00000, 0x000001f1fcf00000)

Polling page: 0x000001f1dbf80000

Metaspace:

Usage:
  Non-class:    287.84 MB used.
      Class:     41.42 MB used.
       Both:    329.26 MB used.

Virtual space:
  Non-class space:      320.00 MB reserved,     289.56 MB ( 90%) committed,  5 nodes.
      Class space:      416.00 MB reserved,      42.81 MB ( 10%) committed,  1 nodes.
             Both:      736.00 MB reserved,     332.38 MB ( 45%) committed. 

Chunk freelists:
   Non-Class:  14.36 MB
       Class:  5.20 MB
        Both:  19.56 MB

MaxMetaspaceSize: 512.00 MB
CompressedClassSpaceSize: 416.00 MB
Initial GC threshold: 21.00 MB
Current GC threshold: 385.62 MB
CDS: on
MetaspaceReclaimPolicy: balanced
 - commit_granule_bytes: 65536.
 - commit_granule_words: 8192.
 - virtual_space_node_default_size: 8388608.
 - enlarge_chunks_in_place: 1.
 - new_chunks_are_fully_committed: 0.
 - uncommit_free_chunks: 1.
 - use_allocation_guard: 0.
 - handle_deallocations: 1.


Internal statistics:

num_allocs_failed_limit: 15.
num_arena_births: 4392.
num_arena_deaths: 94.
num_vsnodes_births: 6.
num_vsnodes_deaths: 0.
num_space_committed: 5313.
num_space_uncommitted: 0.
num_chunks_returned_to_freelist: 183.
num_chunks_taken_from_freelist: 19016.
num_chunk_merges: 41.
num_chunk_splits: 12966.
num_chunks_enlarged: 8726.
num_inconsistent_stats: 0.

CodeHeap 'non-profiled nmethods': size=120000Kb used=30307Kb max_used=30307Kb free=89693Kb
 bounds [0x000001f1ed1c0000, 0x000001f1eef60000, 0x000001f1f46f0000]
CodeHeap 'profiled nmethods': size=120000Kb used=102880Kb max_used=102880Kb free=17119Kb
 bounds [0x000001f1e56f0000, 0x000001f1ebb70000, 0x000001f1ecc20000]
CodeHeap 'non-nmethods': size=5760Kb used=2778Kb max_used=2917Kb free=2981Kb
 bounds [0x000001f1ecc20000, 0x000001f1ecf10000, 0x000001f1ed1c0000]
 total_blobs=43466 nmethods=42090 adapters=1286
 compilation: enabled
              stopped_count=0, restarted_count=0
 full_count=0

Compilation events (20 events):
Event: 125.839 Thread 0x000001f1fd8e5cf0 52044       3       com.sun.crypto.provider.GaloisCounterMode$GCMEngine::restoreDst (28 bytes)
Event: 125.839 Thread 0x000001f1fd8e5cf0 nmethod 52044 0x000001f1ebb60e10 code [0x000001f1ebb60fc0, 0x000001f1ebb612f8]
Event: 125.840 Thread 0x000001f1fd8e5cf0 52045       1       sun.security.ssl.SSLCipher$T13GcmWriteCipherGenerator$GcmWriteCipher::getExplicitNonceSize (2 bytes)
Event: 125.840 Thread 0x000001f1fd8e5cf0 nmethod 52045 0x000001f1eef54410 code [0x000001f1eef545a0, 0x000001f1eef54678]
Event: 125.890 Thread 0x000001f1fd8e5cf0 52046   !   3       java.net.IDN::toASCIIInternal (258 bytes)
Event: 125.893 Thread 0x000001f1fd8e5cf0 nmethod 52046 0x000001f1ebb61410 code [0x000001f1ebb617c0, 0x000001f1ebb62f78]
Event: 125.893 Thread 0x000001f1fd8e5cf0 52047       3       java.util.Collections::sort (8 bytes)
Event: 125.893 Thread 0x000001f1fd8e5cf0 nmethod 52047 0x000001f1ebb63790 code [0x000001f1ebb63940, 0x000001f1ebb63b08]
Event: 125.893 Thread 0x000001f1fd8e5cf0 52048       3       java.math.BigInteger::<init> (77 bytes)
Event: 125.893 Thread 0x000001f1fd8e5cf0 nmethod 52048 0x000001f1ebb63c10 code [0x000001f1ebb63dc0, 0x000001f1ebb641f8]
Event: 125.957 Thread 0x000001f1fd8e5cf0 52050       3       sun.security.util.math.intpoly.IntegerPolynomial::carry (36 bytes)
Event: 125.958 Thread 0x000001f1fd8e5cf0 nmethod 52050 0x000001f1ebb64310 code [0x000001f1ebb644c0, 0x000001f1ebb64788]
Event: 125.958 Thread 0x000001f1b5332930 52037       4       java.math.BigInteger::<init> (404 bytes)
Event: 126.053 Thread 0x000001f1fd8e5cf0 52051       1       javax.net.ssl.SNIServerName::getType (5 bytes)
Event: 126.053 Thread 0x000001f1fd8e5cf0 nmethod 52051 0x000001f1eef54710 code [0x000001f1eef548a0, 0x000001f1eef54978]
Event: 126.054 Thread 0x000001f1fd8e5cf0 52052       3       sun.security.util.ECKeySizeParameterSpec::<init> (10 bytes)
Event: 126.055 Thread 0x000001f1fd8e5cf0 nmethod 52052 0x000001f1ebb64910 code [0x000001f1ebb64aa0, 0x000001f1ebb64c18]
Event: 126.220 Thread 0x000001f1fd8e5cf0 52054       3       sun.security.ssl.Record::getInt8 (14 bytes)
Event: 126.220 Thread 0x000001f1fd8e5cf0 nmethod 52054 0x000001f1ebb64d10 code [0x000001f1ebb64ee0, 0x000001f1ebb652b8]
Event: 127.252 Thread 0x000001f1fd8e5cf0 52055       3       com.android.tools.lint.LintCliClient::runReadAction (63 bytes)

GC Heap History (20 events):
Event: 83.655 GC heap before
{Heap before GC invocations=65 (full 6):
 PSYoungGen      total 291840K, used 101670K [0x00000007aab00000, 0x00000007c5500000, 0x0000000800000000)
  eden space 177664K, 6% used [0x00000007aab00000,0x00000007ab5f9028,0x00000007b5880000)
  from space 114176K, 79% used [0x00000007bd180000,0x00000007c29d0bc0,0x00000007c4100000)
  to   space 123904K, 0% used [0x00000007b5880000,0x00000007b5880000,0x00000007bd180000)
 ParOldGen       total 458240K, used 302156K [0x0000000700000000, 0x000000071bf80000, 0x00000007aab00000)
  object space 458240K, 65% used [0x0000000700000000,0x00000007127131c8,0x000000071bf80000)
 Metaspace       used 233907K, committed 236928K, reserved 688128K
  class space    used 30034K, committed 31360K, reserved 425984K
}
Event: 83.705 GC heap after
{Heap after GC invocations=65 (full 6):
 PSYoungGen      total 301568K, used 91492K [0x00000007aab00000, 0x00000007c6400000, 0x0000000800000000)
  eden space 177664K, 0% used [0x00000007aab00000,0x00000007aab00000,0x00000007b5880000)
  from space 123904K, 73% used [0x00000007b5880000,0x00000007bb1d9380,0x00000007bd180000)
  to   space 131584K, 0% used [0x00000007be380000,0x00000007be380000,0x00000007c6400000)
 ParOldGen       total 458240K, used 302164K [0x0000000700000000, 0x000000071bf80000, 0x00000007aab00000)
  object space 458240K, 65% used [0x0000000700000000,0x00000007127151c8,0x000000071bf80000)
 Metaspace       used 233907K, committed 236928K, reserved 688128K
  class space    used 30034K, committed 31360K, reserved 425984K
}
Event: 83.705 GC heap before
{Heap before GC invocations=66 (full 7):
 PSYoungGen      total 301568K, used 91492K [0x00000007aab00000, 0x00000007c6400000, 0x0000000800000000)
  eden space 177664K, 0% used [0x00000007aab00000,0x00000007aab00000,0x00000007b5880000)
  from space 123904K, 73% used [0x00000007b5880000,0x00000007bb1d9380,0x00000007bd180000)
  to   space 131584K, 0% used [0x00000007be380000,0x00000007be380000,0x00000007c6400000)
 ParOldGen       total 458240K, used 302164K [0x0000000700000000, 0x000000071bf80000, 0x00000007aab00000)
  object space 458240K, 65% used [0x0000000700000000,0x00000007127151c8,0x000000071bf80000)
 Metaspace       used 233907K, committed 236928K, reserved 688128K
  class space    used 30034K, committed 31360K, reserved 425984K
}
Event: 84.269 GC heap after
{Heap after GC invocations=66 (full 7):
 PSYoungGen      total 301568K, used 0K [0x00000007aab00000, 0x00000007c6400000, 0x0000000800000000)
  eden space 177664K, 0% used [0x00000007aab00000,0x00000007aab00000,0x00000007b5880000)
  from space 123904K, 0% used [0x00000007b5880000,0x00000007b5880000,0x00000007bd180000)
  to   space 131584K, 0% used [0x00000007be380000,0x00000007be380000,0x00000007c6400000)
 ParOldGen       total 458240K, used 371258K [0x0000000700000000, 0x000000071bf80000, 0x00000007aab00000)
  object space 458240K, 81% used [0x0000000700000000,0x0000000716a8ebc0,0x000000071bf80000)
 Metaspace       used 233577K, committed 236928K, reserved 688128K
  class space    used 29968K, committed 31360K, reserved 425984K
}
Event: 87.885 GC heap before
{Heap before GC invocations=67 (full 7):
 PSYoungGen      total 301568K, used 177629K [0x00000007aab00000, 0x00000007c6400000, 0x0000000800000000)
  eden space 177664K, 99% used [0x00000007aab00000,0x00000007b5877798,0x00000007b5880000)
  from space 123904K, 0% used [0x00000007b5880000,0x00000007b5880000,0x00000007bd180000)
  to   space 131584K, 0% used [0x00000007be380000,0x00000007be380000,0x00000007c6400000)
 ParOldGen       total 458240K, used 371258K [0x0000000700000000, 0x000000071bf80000, 0x00000007aab00000)
  object space 458240K, 81% used [0x0000000700000000,0x0000000716a8ebc0,0x000000071bf80000)
 Metaspace       used 248440K, committed 251456K, reserved 688128K
  class space    used 32006K, committed 33344K, reserved 425984K
}
Event: 87.895 GC heap after
{Heap after GC invocations=67 (full 7):
 PSYoungGen      total 321536K, used 18530K [0x00000007aab00000, 0x00000007c6980000, 0x0000000800000000)
  eden space 189952K, 0% used [0x00000007aab00000,0x00000007aab00000,0x00000007b6480000)
  from space 131584K, 14% used [0x00000007be380000,0x00000007bf5989c8,0x00000007c6400000)
  to   space 130048K, 0% used [0x00000007b6480000,0x00000007b6480000,0x00000007be380000)
 ParOldGen       total 458240K, used 371266K [0x0000000700000000, 0x000000071bf80000, 0x00000007aab00000)
  object space 458240K, 81% used [0x0000000700000000,0x0000000716a90bc0,0x000000071bf80000)
 Metaspace       used 248440K, committed 251456K, reserved 688128K
  class space    used 32006K, committed 33344K, reserved 425984K
}
Event: 89.689 GC heap before
{Heap before GC invocations=68 (full 7):
 PSYoungGen      total 321536K, used 208482K [0x00000007aab00000, 0x00000007c6980000, 0x0000000800000000)
  eden space 189952K, 100% used [0x00000007aab00000,0x00000007b6480000,0x00000007b6480000)
  from space 131584K, 14% used [0x00000007be380000,0x00000007bf5989c8,0x00000007c6400000)
  to   space 130048K, 0% used [0x00000007b6480000,0x00000007b6480000,0x00000007be380000)
 ParOldGen       total 458240K, used 371266K [0x0000000700000000, 0x000000071bf80000, 0x00000007aab00000)
  object space 458240K, 81% used [0x0000000700000000,0x0000000716a90bc0,0x000000071bf80000)
 Metaspace       used 256972K, committed 259968K, reserved 688128K
  class space    used 32927K, committed 34240K, reserved 425984K
}
Event: 89.704 GC heap after
{Heap after GC invocations=68 (full 7):
 PSYoungGen      total 320000K, used 29500K [0x00000007aab00000, 0x00000007c6c80000, 0x0000000800000000)
  eden space 189952K, 0% used [0x00000007aab00000,0x00000007aab00000,0x00000007b6480000)
  from space 130048K, 22% used [0x00000007b6480000,0x00000007b814f2f0,0x00000007be380000)
  to   space 125952K, 0% used [0x00000007bf180000,0x00000007bf180000,0x00000007c6c80000)
 ParOldGen       total 458240K, used 371274K [0x0000000700000000, 0x000000071bf80000, 0x00000007aab00000)
  object space 458240K, 81% used [0x0000000700000000,0x0000000716a92bc0,0x000000071bf80000)
 Metaspace       used 256972K, committed 259968K, reserved 688128K
  class space    used 32927K, committed 34240K, reserved 425984K
}
Event: 92.434 GC heap before
{Heap before GC invocations=69 (full 7):
 PSYoungGen      total 320000K, used 219452K [0x00000007aab00000, 0x00000007c6c80000, 0x0000000800000000)
  eden space 189952K, 100% used [0x00000007aab00000,0x00000007b6480000,0x00000007b6480000)
  from space 130048K, 22% used [0x00000007b6480000,0x00000007b814f2f0,0x00000007be380000)
  to   space 125952K, 0% used [0x00000007bf180000,0x00000007bf180000,0x00000007c6c80000)
 ParOldGen       total 458240K, used 371274K [0x0000000700000000, 0x000000071bf80000, 0x00000007aab00000)
  object space 458240K, 81% used [0x0000000700000000,0x0000000716a92bc0,0x000000071bf80000)
 Metaspace       used 269666K, committed 272704K, reserved 688128K
  class space    used 34685K, committed 36032K, reserved 425984K
}
Event: 92.458 GC heap after
{Heap after GC invocations=69 (full 7):
 PSYoungGen      total 315904K, used 48788K [0x00000007aab00000, 0x00000007c5c00000, 0x0000000800000000)
  eden space 206848K, 0% used [0x00000007aab00000,0x00000007aab00000,0x00000007b7500000)
  from space 109056K, 44% used [0x00000007bf180000,0x00000007c2125008,0x00000007c5c00000)
  to   space 118272K, 0% used [0x00000007b7500000,0x00000007b7500000,0x00000007be880000)
 ParOldGen       total 458240K, used 371282K [0x0000000700000000, 0x000000071bf80000, 0x00000007aab00000)
  object space 458240K, 81% used [0x0000000700000000,0x0000000716a94bc0,0x000000071bf80000)
 Metaspace       used 269666K, committed 272704K, reserved 688128K
  class space    used 34685K, committed 36032K, reserved 425984K
}
Event: 97.815 GC heap before
{Heap before GC invocations=70 (full 7):
 PSYoungGen      total 315904K, used 255636K [0x00000007aab00000, 0x00000007c5c00000, 0x0000000800000000)
  eden space 206848K, 100% used [0x00000007aab00000,0x00000007b7500000,0x00000007b7500000)
  from space 109056K, 44% used [0x00000007bf180000,0x00000007c2125008,0x00000007c5c00000)
  to   space 118272K, 0% used [0x00000007b7500000,0x00000007b7500000,0x00000007be880000)
 ParOldGen       total 458240K, used 371282K [0x0000000700000000, 0x000000071bf80000, 0x00000007aab00000)
  object space 458240K, 81% used [0x0000000700000000,0x0000000716a94bc0,0x000000071bf80000)
 Metaspace       used 287197K, committed 290368K, reserved 688128K
  class space    used 36911K, committed 38336K, reserved 425984K
}
Event: 97.844 GC heap after
{Heap after GC invocations=70 (full 7):
 PSYoungGen      total 325120K, used 66933K [0x00000007aab00000, 0x00000007c6b80000, 0x0000000800000000)
  eden space 206848K, 0% used [0x00000007aab00000,0x00000007aab00000,0x00000007b7500000)
  from space 118272K, 56% used [0x00000007b7500000,0x00000007bb65d7d0,0x00000007be880000)
  to   space 118272K, 0% used [0x00000007bf800000,0x00000007bf800000,0x00000007c6b80000)
 ParOldGen       total 458240K, used 371781K [0x0000000700000000, 0x000000071bf80000, 0x00000007aab00000)
  object space 458240K, 81% used [0x0000000700000000,0x0000000716b11490,0x000000071bf80000)
 Metaspace       used 287197K, committed 290368K, reserved 688128K
  class space    used 36911K, committed 38336K, reserved 425984K
}
Event: 101.925 GC heap before
{Heap before GC invocations=71 (full 7):
 PSYoungGen      total 325120K, used 273781K [0x00000007aab00000, 0x00000007c6b80000, 0x0000000800000000)
  eden space 206848K, 100% used [0x00000007aab00000,0x00000007b7500000,0x00000007b7500000)
  from space 118272K, 56% used [0x00000007b7500000,0x00000007bb65d7d0,0x00000007be880000)
  to   space 118272K, 0% used [0x00000007bf800000,0x00000007bf800000,0x00000007c6b80000)
 ParOldGen       total 458240K, used 371781K [0x0000000700000000, 0x000000071bf80000, 0x00000007aab00000)
  object space 458240K, 81% used [0x0000000700000000,0x0000000716b11490,0x000000071bf80000)
 Metaspace       used 309760K, committed 312896K, reserved 753664K
  class space    used 39722K, committed 41152K, reserved 425984K
}
Event: 101.987 GC heap after
{Heap after GC invocations=71 (full 7):
 PSYoungGen      total 329728K, used 100338K [0x00000007aab00000, 0x00000007c8100000, 0x0000000800000000)
  eden space 211456K, 0% used [0x00000007aab00000,0x00000007aab00000,0x00000007b7980000)
  from space 118272K, 84% used [0x00000007bf800000,0x00000007c59fcaa8,0x00000007c6b80000)
  to   space 129536K, 0% used [0x00000007b7980000,0x00000007b7980000,0x00000007bf800000)
 ParOldGen       total 458240K, used 371797K [0x0000000700000000, 0x000000071bf80000, 0x00000007aab00000)
  object space 458240K, 81% used [0x0000000700000000,0x0000000716b15490,0x000000071bf80000)
 Metaspace       used 309760K, committed 312896K, reserved 753664K
  class space    used 39722K, committed 41152K, reserved 425984K
}
Event: 109.247 GC heap before
{Heap before GC invocations=72 (full 7):
 PSYoungGen      total 329728K, used 311794K [0x00000007aab00000, 0x00000007c8100000, 0x0000000800000000)
  eden space 211456K, 100% used [0x00000007aab00000,0x00000007b7980000,0x00000007b7980000)
  from space 118272K, 84% used [0x00000007bf800000,0x00000007c59fcaa8,0x00000007c6b80000)
  to   space 129536K, 0% used [0x00000007b7980000,0x00000007b7980000,0x00000007bf800000)
 ParOldGen       total 458240K, used 371797K [0x0000000700000000, 0x000000071bf80000, 0x00000007aab00000)
  object space 458240K, 81% used [0x0000000700000000,0x0000000716b15490,0x000000071bf80000)
 Metaspace       used 324678K, committed 327872K, reserved 753664K
  class space    used 41439K, committed 42880K, reserved 425984K
}
Event: 109.319 GC heap after
{Heap after GC invocations=72 (full 7):
 PSYoungGen      total 340992K, used 129525K [0x00000007aab00000, 0x00000007cb300000, 0x0000000800000000)
  eden space 211456K, 0% used [0x00000007aab00000,0x00000007aab00000,0x00000007b7980000)
  from space 129536K, 99% used [0x00000007b7980000,0x00000007bf7fd690,0x00000007bf800000)
  to   space 153088K, 0% used [0x00000007c1d80000,0x00000007c1d80000,0x00000007cb300000)
 ParOldGen       total 458240K, used 381571K [0x0000000700000000, 0x000000071bf80000, 0x00000007aab00000)
  object space 458240K, 83% used [0x0000000700000000,0x00000007174a0c88,0x000000071bf80000)
 Metaspace       used 324678K, committed 327872K, reserved 753664K
  class space    used 41439K, committed 42880K, reserved 425984K
}
Event: 116.138 GC heap before
{Heap before GC invocations=73 (full 7):
 PSYoungGen      total 340992K, used 340981K [0x00000007aab00000, 0x00000007cb300000, 0x0000000800000000)
  eden space 211456K, 100% used [0x00000007aab00000,0x00000007b7980000,0x00000007b7980000)
  from space 129536K, 99% used [0x00000007b7980000,0x00000007bf7fd690,0x00000007bf800000)
  to   space 153088K, 0% used [0x00000007c1d80000,0x00000007c1d80000,0x00000007cb300000)
 ParOldGen       total 458240K, used 381571K [0x0000000700000000, 0x000000071bf80000, 0x00000007aab00000)
  object space 458240K, 83% used [0x0000000700000000,0x00000007174a0c88,0x000000071bf80000)
 Metaspace       used 332905K, committed 336064K, reserved 753664K
  class space    used 42106K, committed 43520K, reserved 425984K
}
Event: 116.239 GC heap after
{Heap after GC invocations=73 (full 7):
 PSYoungGen      total 353792K, used 153062K [0x00000007aab00000, 0x00000007ce500000, 0x0000000800000000)
  eden space 200704K, 0% used [0x00000007aab00000,0x00000007aab00000,0x00000007b6f00000)
  from space 153088K, 99% used [0x00000007c1d80000,0x00000007cb2f9950,0x00000007cb300000)
  to   space 178688K, 0% used [0x00000007b6f00000,0x00000007b6f00000,0x00000007c1d80000)
 ParOldGen       total 458240K, used 385331K [0x0000000700000000, 0x000000071bf80000, 0x00000007aab00000)
  object space 458240K, 84% used [0x0000000700000000,0x000000071784cec8,0x000000071bf80000)
 Metaspace       used 332905K, committed 336064K, reserved 753664K
  class space    used 42106K, committed 43520K, reserved 425984K
}
Event: 120.692 GC heap before
{Heap before GC invocations=74 (full 7):
 PSYoungGen      total 353792K, used 353766K [0x00000007aab00000, 0x00000007ce500000, 0x0000000800000000)
  eden space 200704K, 100% used [0x00000007aab00000,0x00000007b6f00000,0x00000007b6f00000)
  from space 153088K, 99% used [0x00000007c1d80000,0x00000007cb2f9950,0x00000007cb300000)
  to   space 178688K, 0% used [0x00000007b6f00000,0x00000007b6f00000,0x00000007c1d80000)
 ParOldGen       total 458240K, used 385331K [0x0000000700000000, 0x000000071bf80000, 0x00000007aab00000)
  object space 458240K, 84% used [0x0000000700000000,0x000000071784cec8,0x000000071bf80000)
 Metaspace       used 335697K, committed 338944K, reserved 753664K
  class space    used 42329K, committed 43776K, reserved 425984K
}
Event: 122.794 GC heap after
{Heap after GC invocations=74 (full 7):
 PSYoungGen      total 379392K, used 172658K [0x00000007aab00000, 0x00000007ce500000, 0x0000000800000000)
  eden space 200704K, 0% used [0x00000007aab00000,0x00000007aab00000,0x00000007b6f00000)
  from space 178688K, 96% used [0x00000007b6f00000,0x00000007c179c928,0x00000007c1d80000)
  to   space 153088K, 0% used [0x00000007c1d80000,0x00000007c1d80000,0x00000007cb300000)
 ParOldGen       total 458240K, used 385347K [0x0000000700000000, 0x000000071bf80000, 0x00000007aab00000)
  object space 458240K, 84% used [0x0000000700000000,0x0000000717850ec8,0x000000071bf80000)
 Metaspace       used 335697K, committed 338944K, reserved 753664K
  class space    used 42329K, committed 43776K, reserved 425984K
}

Deoptimization events (20 events):
Event: 125.707 Thread 0x000001f1ae3a7e20 DEOPT PACKING pc=0x000001f1eaf8fd4a sp=0x000000849b0fcdc0
Event: 125.707 Thread 0x000001f1ae3a7e20 DEOPT UNPACKING pc=0x000001f1ecc72843 sp=0x000000849b0fc260 mode 0
Event: 125.708 Thread 0x000001f1ae3a7e20 DEOPT PACKING pc=0x000001f1eaf8fd4a sp=0x000000849b0fcdc0
Event: 125.708 Thread 0x000001f1ae3a7e20 DEOPT UNPACKING pc=0x000001f1ecc72843 sp=0x000000849b0fc260 mode 0
Event: 125.709 Thread 0x000001f1ae3a7e20 DEOPT PACKING pc=0x000001f1eaf8fd4a sp=0x000000849b0fcdc0
Event: 125.709 Thread 0x000001f1ae3a7e20 DEOPT UNPACKING pc=0x000001f1ecc72843 sp=0x000000849b0fc260 mode 0
Event: 125.709 Thread 0x000001f1ae3a7e20 DEOPT PACKING pc=0x000001f1eaf8fd4a sp=0x000000849b0fcdc0
Event: 125.709 Thread 0x000001f1ae3a7e20 DEOPT UNPACKING pc=0x000001f1ecc72843 sp=0x000000849b0fc260 mode 0
Event: 125.710 Thread 0x000001f1ae3a7e20 DEOPT PACKING pc=0x000001f1eaf8fd4a sp=0x000000849b0fcdc0
Event: 125.710 Thread 0x000001f1ae3a7e20 DEOPT UNPACKING pc=0x000001f1ecc72843 sp=0x000000849b0fc260 mode 0
Event: 125.711 Thread 0x000001f1ae3a7e20 DEOPT PACKING pc=0x000001f1eaf8fd4a sp=0x000000849b0fcdc0
Event: 125.711 Thread 0x000001f1ae3a7e20 DEOPT UNPACKING pc=0x000001f1ecc72843 sp=0x000000849b0fc260 mode 0
Event: 125.712 Thread 0x000001f1ae3a7e20 DEOPT PACKING pc=0x000001f1eaf8fd4a sp=0x000000849b0fcdc0
Event: 125.712 Thread 0x000001f1ae3a7e20 DEOPT UNPACKING pc=0x000001f1ecc72843 sp=0x000000849b0fc260 mode 0
Event: 125.713 Thread 0x000001f1ae3a7e20 DEOPT PACKING pc=0x000001f1eaf8fd4a sp=0x000000849b0fcdc0
Event: 125.713 Thread 0x000001f1ae3a7e20 DEOPT UNPACKING pc=0x000001f1ecc72843 sp=0x000000849b0fc260 mode 0
Event: 125.839 Thread 0x000001f1ae3a7e20 DEOPT PACKING pc=0x000001f1e89c57bc sp=0x000000849b0fbf70
Event: 125.839 Thread 0x000001f1ae3a7e20 DEOPT UNPACKING pc=0x000001f1ecc72843 sp=0x000000849b0fb3f0 mode 0
Event: 127.016 Thread 0x000001f1a61cded0 Uncommon trap: trap_request=0xffffff45 fr.pc=0x000001f1ee83b8ec relative=0x000000000000130c
Event: 127.025 Thread 0x000001f1a61cd4b0 Uncommon trap: trap_request=0xffffff45 fr.pc=0x000001f1ee83b8ec relative=0x000000000000130c

Classes unloaded (20 events):
Event: 83.850 Thread 0x000001f1ddefed00 Unloading class 0x000001f182533800 'java/lang/invoke/LambdaForm$MH+0x000001f182533800'
Event: 83.850 Thread 0x000001f1ddefed00 Unloading class 0x000001f182533000 'java/lang/invoke/LambdaForm$MH+0x000001f182533000'
Event: 83.850 Thread 0x000001f1ddefed00 Unloading class 0x000001f182532c00 'java/lang/invoke/LambdaForm$MH+0x000001f182532c00'
Event: 83.850 Thread 0x000001f1ddefed00 Unloading class 0x000001f182532400 'java/lang/invoke/LambdaForm$BMH+0x000001f182532400'
Event: 83.850 Thread 0x000001f1ddefed00 Unloading class 0x000001f182532000 'java/lang/invoke/LambdaForm$BMH+0x000001f182532000'
Event: 83.850 Thread 0x000001f1ddefed00 Unloading class 0x000001f182531c00 'java/lang/invoke/LambdaForm$DMH+0x000001f182531c00'
Event: 83.850 Thread 0x000001f1ddefed00 Unloading class 0x000001f182531800 'java/lang/invoke/LambdaForm$DMH+0x000001f182531800'
Event: 83.850 Thread 0x000001f1ddefed00 Unloading class 0x000001f182530c00 'java/lang/invoke/LambdaForm$MH+0x000001f182530c00'
Event: 83.850 Thread 0x000001f1ddefed00 Unloading class 0x000001f182530800 'java/lang/invoke/LambdaForm$MH+0x000001f182530800'
Event: 83.850 Thread 0x000001f1ddefed00 Unloading class 0x000001f182530000 'java/lang/invoke/LambdaForm$MH+0x000001f182530000'
Event: 83.850 Thread 0x000001f1ddefed00 Unloading class 0x000001f18252fc00 'java/lang/invoke/LambdaForm$MH+0x000001f18252fc00'
Event: 83.850 Thread 0x000001f1ddefed00 Unloading class 0x000001f18252f400 'java/lang/invoke/LambdaForm$MH+0x000001f18252f400'
Event: 83.850 Thread 0x000001f1ddefed00 Unloading class 0x000001f18252f000 'java/lang/invoke/LambdaForm$MH+0x000001f18252f000'
Event: 83.850 Thread 0x000001f1ddefed00 Unloading class 0x000001f18252e800 'java/lang/invoke/LambdaForm$MH+0x000001f18252e800'
Event: 83.850 Thread 0x000001f1ddefed00 Unloading class 0x000001f18252e400 'java/lang/invoke/LambdaForm$MH+0x000001f18252e400'
Event: 83.850 Thread 0x000001f1ddefed00 Unloading class 0x000001f1824f0800 'jdk/internal/reflect/GeneratedSerializationConstructorAccessor134'
Event: 83.850 Thread 0x000001f1ddefed00 Unloading class 0x000001f1824f0400 'jdk/internal/reflect/GeneratedSerializationConstructorAccessor133'
Event: 83.850 Thread 0x000001f1ddefed00 Unloading class 0x000001f1824f0000 'jdk/internal/reflect/GeneratedSerializationConstructorAccessor132'
Event: 83.850 Thread 0x000001f1ddefed00 Unloading class 0x000001f1824ebc00 'jdk/internal/reflect/GeneratedSerializationConstructorAccessor131'
Event: 83.850 Thread 0x000001f1ddefed00 Unloading class 0x000001f1824e8400 'jdk/internal/reflect/GeneratedSerializationConstructorAccessor117'

Classes redefined (0 events):
No events

Internal exceptions (20 events):
Event: 125.689 Thread 0x000001f1ae3a7e20 Exception <a 'sun/nio/fs/WindowsException'{0x00000007b32211a0}> (0x00000007b32211a0) 
thrown [s\open\src\hotspot\share\prims\jni.cpp, line 516]
Event: 125.689 Thread 0x000001f1ae3a7e20 Exception <a 'sun/nio/fs/WindowsException'{0x00000007b3222508}> (0x00000007b3222508) 
thrown [s\open\src\hotspot\share\prims\jni.cpp, line 516]
Event: 125.690 Thread 0x000001f1ae3a7e20 Exception <a 'sun/nio/fs/WindowsException'{0x00000007b3222ad8}> (0x00000007b3222ad8) 
thrown [s\open\src\hotspot\share\prims\jni.cpp, line 516]
Event: 125.690 Thread 0x000001f1ae3a7e20 Exception <a 'sun/nio/fs/WindowsException'{0x00000007b3223e38}> (0x00000007b3223e38) 
thrown [s\open\src\hotspot\share\prims\jni.cpp, line 516]
Event: 125.745 Thread 0x000001f1ae3a7e20 Exception <a 'sun/nio/fs/WindowsException'{0x00000007b3489660}> (0x00000007b3489660) 
thrown [s\open\src\hotspot\share\prims\jni.cpp, line 516]
Event: 125.745 Thread 0x000001f1ae3a7e20 Exception <a 'sun/nio/fs/WindowsException'{0x00000007b3489980}> (0x00000007b3489980) 
thrown [s\open\src\hotspot\share\prims\jni.cpp, line 516]
Event: 125.746 Thread 0x000001f1ae3a7e20 Exception <a 'sun/nio/fs/WindowsException'{0x00000007b348b9a8}> (0x00000007b348b9a8) 
thrown [s\open\src\hotspot\share\prims\jni.cpp, line 516]
Event: 125.747 Thread 0x000001f1ae3a7e20 Exception <a 'sun/nio/fs/WindowsException'{0x00000007b3492198}> (0x00000007b3492198) 
thrown [s\open\src\hotspot\share\prims\jni.cpp, line 516]
Event: 126.028 Thread 0x000001f1ae3a7e20 Exception <a 'sun/nio/fs/WindowsException'{0x00000007b353eb80}> (0x00000007b353eb80) 
thrown [s\open\src\hotspot\share\prims\jni.cpp, line 516]
Event: 126.029 Thread 0x000001f1ae3a7e20 Exception <a 'sun/nio/fs/WindowsException'{0x00000007b353f6d8}> (0x00000007b353f6d8) 
thrown [s\open\src\hotspot\share\prims\jni.cpp, line 516]
Event: 126.029 Thread 0x000001f1ae3a7e20 Exception <a 'sun/nio/fs/WindowsException'{0x00000007b353fcf0}> (0x00000007b353fcf0) 
thrown [s\open\src\hotspot\share\prims\jni.cpp, line 516]
Event: 126.029 Thread 0x000001f1ae3a7e20 Exception <a 'sun/nio/fs/WindowsException'{0x00000007b3541058}> (0x00000007b3541058) 
thrown [s\open\src\hotspot\share\prims\jni.cpp, line 516]
Event: 126.029 Thread 0x000001f1ae3a7e20 Exception <a 'sun/nio/fs/WindowsException'{0x00000007b3541628}> (0x00000007b3541628) 
thrown [s\open\src\hotspot\share\prims\jni.cpp, line 516]
Event: 126.029 Thread 0x000001f1ae3a7e20 Exception <a 'sun/nio/fs/WindowsException'{0x00000007b3542988}> (0x00000007b3542988) 
thrown [s\open\src\hotspot\share\prims\jni.cpp, line 516]
Event: 126.036 Thread 0x000001f1ae3a7e20 Exception <a 'sun/nio/fs/WindowsException'{0x00000007b354e110}> (0x00000007b354e110) 
thrown [s\open\src\hotspot\share\prims\jni.cpp, line 516]
Event: 126.038 Thread 0x000001f1ae3a7e20 Exception <a 'sun/nio/fs/WindowsException'{0x00000007b354fc20}> (0x00000007b354fc20) 
thrown [s\open\src\hotspot\share\prims\jni.cpp, line 516]
Event: 126.231 Thread 0x000001f1ae3a7e20 Exception <a 'sun/nio/fs/WindowsException'{0x00000007b3644ac0}> (0x00000007b3644ac0) 
thrown [s\open\src\hotspot\share\prims\jni.cpp, line 516]
Event: 126.232 Thread 0x000001f1ae3a7e20 Exception <a 'sun/nio/fs/WindowsException'{0x00000007b3645610}> (0x00000007b3645610) 
thrown [s\open\src\hotspot\share\prims\jni.cpp, line 516]
Event: 126.232 Thread 0x000001f1ae3a7e20 Exception <a 'sun/nio/fs/WindowsException'{0x00000007b3645c08}> (0x00000007b3645c08) 
thrown [s\open\src\hotspot\share\prims\jni.cpp, line 516]
Event: 126.232 Thread 0x000001f1ae3a7e20 Exception <a 'sun/nio/fs/WindowsException'{0x00000007b3646f68}> (0x00000007b3646f68) 
thrown [s\open\src\hotspot\share\prims\jni.cpp, line 516]

VM Operations (20 events):
Event: 123.282 Executing VM operation: HandshakeAllThreads
Event: 123.290 Executing VM operation: HandshakeAllThreads done
Event: 123.474 Executing VM operation: ICBufferFull
Event: 123.474 Executing VM operation: ICBufferFull done
Event: 123.705 Executing VM operation: HandshakeAllThreads
Event: 123.705 Executing VM operation: HandshakeAllThreads done
Event: 124.216 Executing VM operation: ICBufferFull
Event: 124.216 Executing VM operation: ICBufferFull done
Event: 124.425 Executing VM operation: HandshakeAllThreads
Event: 124.426 Executing VM operation: HandshakeAllThreads done
Event: 124.435 Executing VM operation: HandshakeAllThreads
Event: 124.435 Executing VM operation: HandshakeAllThreads done
Event: 124.446 Executing VM operation: HandshakeAllThreads
Event: 124.452 Executing VM operation: HandshakeAllThreads done
Event: 124.476 Executing VM operation: HandshakeAllThreads
Event: 124.476 Executing VM operation: HandshakeAllThreads done
Event: 125.488 Executing VM operation: Cleanup
Event: 125.489 Executing VM operation: Cleanup done
Event: 126.498 Executing VM operation: Cleanup
Event: 126.498 Executing VM operation: Cleanup done

Events (20 events):
Event: 125.240 Thread 0x000001f1b0c16bb0 Thread added: 0x000001f1b0c16bb0
Event: 125.269 Thread 0x000001f1b0c16bb0 Thread exited: 0x000001f1b0c16bb0
Event: 125.294 Thread 0x000001f1b04c3360 Thread added: 0x000001f1b04c3360
Event: 125.299 Thread 0x000001f1b04c3360 Thread exited: 0x000001f1b04c3360
Event: 125.448 Thread 0x000001f1b5332930 Thread exited: 0x000001f1b5332930
Event: 125.448 Thread 0x000001f1ae713590 Thread exited: 0x000001f1ae713590
Event: 125.449 Thread 0x000001f1aea67600 Thread added: 0x000001f1aea67600
Event: 125.450 Thread 0x000001f1aea67600 Thread exited: 0x000001f1aea67600
Event: 125.556 Thread 0x000001f1b04c1500 Thread added: 0x000001f1b04c1500
Event: 125.557 Thread 0x000001f1b04c1500 Thread exited: 0x000001f1b04c1500
Event: 125.840 Thread 0x000001f1b04c3d80 Thread added: 0x000001f1b04c3d80
Event: 125.845 Thread 0x000001f1b04c3d80 Thread exited: 0x000001f1b04c3d80
Event: 125.958 Thread 0x000001f1b5332930 Thread added: 0x000001f1b5332930
Event: 125.961 Thread 0x000001f1b04c1500 Thread added: 0x000001f1b04c1500
Event: 125.963 Thread 0x000001f1b04c1500 Thread exited: 0x000001f1b04c1500
Event: 126.095 Thread 0x000001f1b04c3360 Thread added: 0x000001f1b04c3360
Event: 126.095 Thread 0x000001f1b04c3360 Thread exited: 0x000001f1b04c3360
Event: 126.178 Thread 0x000001f1b04c3870 Thread added: 0x000001f1b04c3870
Event: 126.178 Thread 0x000001f1b04c3870 Thread exited: 0x000001f1b04c3870
Event: 129.008 Thread 0x000001f1b58348a0 Thread exited: 0x000001f1b58348a0


Dynamic libraries:
0x00007ff7a17f0000 - 0x00007ff7a1800000 	C:\Program Files\Java\jdk-17\bin\java.exe
0x00007ffae92e0000 - 0x00007ffae9547000 	C:\WINDOWS\SYSTEM32\ntdll.dll
0x00007ffae8790000 - 0x00007ffae8859000 	C:\WINDOWS\System32\KERNEL32.DLL
0x00007ffae6c80000 - 0x00007ffae7071000 	C:\WINDOWS\System32\KERNELBASE.dll
0x00007ffae5cb0000 - 0x00007ffae5dfb000 	C:\WINDOWS\System32\ucrtbase.dll
0x00007ffab03b0000 - 0x00007ffab03cb000 	C:\Program Files\Java\jdk-17\bin\VCRUNTIME140.dll
0x00007ffab39f0000 - 0x00007ffab3a09000 	C:\Program Files\Java\jdk-17\bin\jli.dll
0x00007ffae9000000 - 0x00007ffae90bb000 	C:\WINDOWS\System32\ADVAPI32.dll
0x00007ffae75f0000 - 0x00007ffae7699000 	C:\WINDOWS\System32\msvcrt.dll
0x00007ffae8140000 - 0x00007ffae81e7000 	C:\WINDOWS\System32\sechost.dll
0x00007ffae8cc0000 - 0x00007ffae8dd8000 	C:\WINDOWS\System32\RPCRT4.dll
0x00007ffae8de0000 - 0x00007ffae8fa5000 	C:\WINDOWS\System32\USER32.dll
0x00007ffae5bc0000 - 0x00007ffae5be7000 	C:\WINDOWS\System32\win32u.dll
0x00007ffac4170000 - 0x00007ffac4403000 	C:\WINDOWS\WinSxS\amd64_microsoft.windows.common-controls_6595b64144ccf1df_6.0.26100.8037_none_3e092faae333b53b\COMCTL32.dll
0x00007ffae88a0000 - 0x00007ffae88cb000 	C:\WINDOWS\System32\GDI32.dll
0x00007ffae5ff0000 - 0x00007ffae611b000 	C:\WINDOWS\System32\gdi32full.dll
0x00007ffae5f40000 - 0x00007ffae5fe3000 	C:\WINDOWS\System32\msvcp_win.dll
0x00007ffad97c0000 - 0x00007ffad97cb000 	C:\WINDOWS\SYSTEM32\VERSION.dll
0x00007ffae8860000 - 0x00007ffae8891000 	C:\WINDOWS\System32\IMM32.DLL
0x00007ffadfc30000 - 0x00007ffadfc3c000 	C:\Program Files\Java\jdk-17\bin\vcruntime140_1.dll
0x00007ff9acda0000 - 0x00007ff9ace2e000 	C:\Program Files\Java\jdk-17\bin\msvcp140.dll
0x00007ff97bca0000 - 0x00007ff97c880000 	C:\Program Files\Java\jdk-17\bin\server\jvm.dll
0x00007ffad5f10000 - 0x00007ffad5f45000 	C:\WINDOWS\SYSTEM32\WINMM.dll
0x00007ffad5950000 - 0x00007ffad595a000 	C:\WINDOWS\SYSTEM32\WSOCK32.dll
0x00007ffae8750000 - 0x00007ffae8758000 	C:\WINDOWS\System32\PSAPI.DLL
0x00007ffae8690000 - 0x00007ffae8704000 	C:\WINDOWS\System32\WS2_32.dll
0x00007ffae4910000 - 0x00007ffae492b000 	C:\WINDOWS\SYSTEM32\kernel.appcore.dll
0x00007ffab8f70000 - 0x00007ffab8f7a000 	C:\Program Files\Java\jdk-17\bin\jimage.dll
0x00007ffae0a40000 - 0x00007ffae0c82000 	C:\WINDOWS\SYSTEM32\DBGHELP.DLL
0x00007ffae8300000 - 0x00007ffae8682000 	C:\WINDOWS\System32\combase.dll
0x00007ffae7510000 - 0x00007ffae75e7000 	C:\WINDOWS\System32\OLEAUT32.dll
0x00007ffaa72b0000 - 0x00007ffaa72eb000 	C:\WINDOWS\SYSTEM32\dbgcore.DLL
0x00007ffae5e00000 - 0x00007ffae5ea5000 	C:\WINDOWS\System32\bcryptPrimitives.dll
0x00007ffaa3810000 - 0x00007ffaa381e000 	C:\Program Files\Java\jdk-17\bin\instrument.dll
0x00007ffa821b0000 - 0x00007ffa821d5000 	C:\Program Files\Java\jdk-17\bin\java.dll
0x00007ff9a9fa0000 - 0x00007ff9aa077000 	C:\Program Files\Java\jdk-17\bin\jsvml.dll
0x00007ffae76a0000 - 0x00007ffae7dff000 	C:\WINDOWS\System32\SHELL32.dll
0x00007ffae62a0000 - 0x00007ffae640a000 	C:\WINDOWS\System32\wintypes.dll
0x00007ffae6410000 - 0x00007ffae6c74000 	C:\WINDOWS\System32\windows.storage.dll
0x00007ffae8990000 - 0x00007ffae8a87000 	C:\WINDOWS\System32\SHCORE.dll
0x00007ffae7e90000 - 0x00007ffae7ef7000 	C:\WINDOWS\System32\shlwapi.dll
0x00007ffae5ae0000 - 0x00007ffae5b09000 	C:\WINDOWS\SYSTEM32\profapi.dll
0x00007ffa947b0000 - 0x00007ffa947c8000 	C:\Program Files\Java\jdk-17\bin\zip.dll
0x00007ffaa96b0000 - 0x00007ffaa96c9000 	C:\Program Files\Java\jdk-17\bin\net.dll
0x00007ffadb980000 - 0x00007ffadbaa7000 	C:\WINDOWS\SYSTEM32\WINHTTP.dll
0x00007ffae4e60000 - 0x00007ffae4ecb000 	C:\WINDOWS\system32\mswsock.dll
0x00007ffaa36c0000 - 0x00007ffaa36d6000 	C:\Program Files\Java\jdk-17\bin\nio.dll
0x00007ffab87f0000 - 0x00007ffab8800000 	C:\Program Files\Java\jdk-17\bin\verify.dll
0x00007ffa82180000 - 0x00007ffa821a7000 	C:\Users\triad\.gradle\native\1def1411415f61bf3af743bc5b6707747c0891f09f0c88961ee8f79bc544acac\windows-amd64\native-platform.dll
0x00007ff9ec070000 - 0x00007ff9ec0e8000 	C:\Users\triad\.gradle\native\0.2.7\x86_64-windows-gnu\gradle-fileevents.dll
0x00007ffab0600000 - 0x00007ffab060a000 	C:\Program Files\Java\jdk-17\bin\management.dll
0x00007ffaaded0000 - 0x00007ffaadedb000 	C:\Program Files\Java\jdk-17\bin\management_ext.dll
0x00007ffae42a0000 - 0x00007ffae42d3000 	C:\WINDOWS\SYSTEM32\IPHLPAPI.DLL
0x00007ffae8740000 - 0x00007ffae874a000 	C:\WINDOWS\System32\NSI.dll
0x00007ffadbb20000 - 0x00007ffadbb3d000 	C:\WINDOWS\SYSTEM32\dhcpcsvc6.DLL
0x00007ffadb950000 - 0x00007ffadb973000 	C:\WINDOWS\SYSTEM32\dhcpcsvc.DLL
0x00007ffae42e0000 - 0x00007ffae440a000 	C:\WINDOWS\SYSTEM32\DNSAPI.dll
0x00007ffae5260000 - 0x00007ffae527b000 	C:\WINDOWS\SYSTEM32\CRYPTSP.dll
0x00007ffae4870000 - 0x00007ffae48a9000 	C:\WINDOWS\system32\rsaenh.dll
0x00007ffae4f10000 - 0x00007ffae4f42000 	C:\WINDOWS\SYSTEM32\USERENV.dll
0x00007ffae5ab0000 - 0x00007ffae5ada000 	C:\WINDOWS\SYSTEM32\bcrypt.dll
0x00007ffae50c0000 - 0x00007ffae50cc000 	C:\WINDOWS\SYSTEM32\CRYPTBASE.dll
0x00007ffaa37e0000 - 0x00007ffaa37ee000 	C:\Program Files\Java\jdk-17\bin\sunmscapi.dll
0x00007ffae6120000 - 0x00007ffae6297000 	C:\WINDOWS\System32\CRYPT32.dll
0x00007ffae5430000 - 0x00007ffae5460000 	C:\WINDOWS\SYSTEM32\ncrypt.dll
0x00007ffae53e0000 - 0x00007ffae541f000 	C:\WINDOWS\SYSTEM32\NTASN1.dll
0x00007ffaad850000 - 0x00007ffaad858000 	C:\WINDOWS\system32\wshunix.dll
0x00007ff9d0970000 - 0x00007ff9d0b01000 	C:\Program Files\Java\jdk-17\bin\awt.dll
0x00007ffadfe60000 - 0x00007ffadfeff000 	C:\WINDOWS\SYSTEM32\apphelp.dll
0x00007ffae0030000 - 0x00007ffae00da000 	C:\WINDOWS\system32\uxtheme.dll
0x00007ffac12d0000 - 0x00007ffac1316000 	C:\WINDOWS\System32\DriverStore\FileRepository\asusscreenxpertbase.inf_amd64_9f04b015ed175292\AsusScreenXpertBase\AsusWallpaperSettingHook.dll
0x00007ffae90c0000 - 0x00007ffae921d000 	C:\WINDOWS\System32\MSCTF.dll
0x00007ffae8b20000 - 0x00007ffae8cb5000 	C:\WINDOWS\System32\ole32.dll
0x00007ffad9370000 - 0x00007ffad937b000 	C:\Windows\System32\rasadhlp.dll
0x00007ffadbe20000 - 0x00007ffadbea6000 	C:\WINDOWS\System32\fwpuclnt.dll

dbghelp: loaded successfully - version: 4.0.5 - missing functions: none
symbol engine: initialized successfully - sym options: 0x614 - pdb path: .;C:\Program Files\Java\jdk-17\bin;C:\WINDOWS\SYSTEM32;C:\WINDOWS\WinSxS\amd64_microsoft.windows.common-controls_6595b64144ccf1df_6.0.26100.8037_none_3e092faae333b53b;C:\Program Files\Java\jdk-17\bin\server;C:\Users\triad\.gradle\native\1def1411415f61bf3af743bc5b6707747c0891f09f0c88961ee8f79bc544acac\windows-amd64;C:\Users\triad\.gradle\native\0.2.7\x86_64-windows-gnu;C:\WINDOWS\System32\DriverStore\FileRepository\asusscreenxpertbase.inf_amd64_9f04b015ed175292\AsusScreenXpertBase

VM Arguments:
jvm_args: --add-opens=java.base/java.lang=ALL-UNNAMED --add-opens=java.base/java.lang.invoke=ALL-UNNAMED --add-opens=java.base/java.util=ALL-UNNAMED --add-opens=java.prefs/java.util.prefs=ALL-UNNAMED --add-exports=jdk.compiler/com.sun.tools.javac.api=ALL-UNNAMED --add-exports=jdk.compiler/com.sun.tools.javac.util=ALL-UNNAMED --add-opens=java.base/java.util=ALL-UNNAMED --add-opens=java.prefs/java.util.prefs=ALL-UNNAMED --add-opens=java.base/java.nio.charset=ALL-UNNAMED --add-opens=java.base/java.net=ALL-UNNAMED --add-opens=java.base/java.util.concurrent.atomic=ALL-UNNAMED --add-opens=java.xml/javax.xml.namespace=ALL-UNNAMED -XX:MaxMetaspaceSize=512m -XX:+UseParallelGC -Xmx4096m -Dfile.encoding=windows-1252 -Duser.country=CA -Duser.language=fr -Duser.variant -javaagent:C:\Users\triad\.gradle\wrapper\dists\gradle-8.14.3-bin\cv11ve7ro1n3o1j4so8xd9n66\gradle-8.14.3\lib\agents\gradle-instrumentation-agent-8.14.3.jar 
java_command: org.gradle.launcher.daemon.bootstrap.GradleDaemon 8.14.3
java_class_path (initial): C:\Users\triad\.gradle\wrapper\dists\gradle-8.14.3-bin\cv11ve7ro1n3o1j4so8xd9n66\gradle-8.14.3\lib\gradle-daemon-main-8.14.3.jar
Launcher Type: SUN_STANDARD

[Global flags]
     intx CICompilerCount                          = 4                                         {product} {ergonomic}
   size_t CompressedClassSpaceSize                 = 436207616                                 {product} {ergonomic}
   size_t InitialHeapSize                          = 266338304                                 {product} {ergonomic}
   size_t MaxHeapSize                              = 4294967296                                {product} {command line}
   size_t MaxMetaspaceSize                         = 536870912                                 {product} {command line}
   size_t MaxNewSize                               = 1431306240                                {product} {ergonomic}
   size_t MinHeapDeltaBytes                        = 524288                                    {product} {ergonomic}
   size_t MinHeapSize                              = 8388608                                   {product} {ergonomic}
   size_t NewSize                                  = 88604672                                  {product} {ergonomic}
    uintx NonNMethodCodeHeapSize                   = 5839372                                {pd product} {ergonomic}
    uintx NonProfiledCodeHeapSize                  = 122909434                              {pd product} {ergonomic}
   size_t OldSize                                  = 177733632                                 {product} {ergonomic}
    uintx ProfiledCodeHeapSize                     = 122909434                              {pd product} {ergonomic}
    uintx ReservedCodeCacheSize                    = 251658240                              {pd product} {ergonomic}
     bool SegmentedCodeCache                       = true                                      {product} {ergonomic}
   size_t SoftMaxHeapSize                          = 4294967296                             {manageable} {ergonomic}
     bool UseCompressedClassPointers               = true                           {product lp64_product} {ergonomic}
     bool UseCompressedOops                        = true                           {product lp64_product} {ergonomic}
     bool UseLargePagesIndividualAllocation        = false                                  {pd product} {ergonomic}
     bool UseParallelGC                            = true                                      {product} {command line}

Logging:
Log output configuration:
 #0: stdout all=warning uptime,level,tags
 #1: stderr all=off uptime,level,tags

Environment Variables:
PATH=C:\Program Files\Common Files\Oracle\Java\javapath;C:\Python314\Scripts\;C:\Python314\;C:\ProgramData\Oracle\Java\javapath;C:\Program Files (x86)\Common Files\Intel\Shared Libraries\redist\intel64\compiler;C:\Windows\system32;C:\Windows;C:\Windows\System32\Wbem;C:\Windows\System32\WindowsPowerShell\v1.0\;C:\Windows\System32\OpenSSH\;C:\Program Files (x86)\NVIDIA Corporation\PhysX\Common;C:\WINDOWS\system32;C:\WINDOWS;C:\WINDOWS\System32\Wbem;C:\WINDOWS\System32\WindowsPowerShell\v1.0\;C:\WINDOWS\System32\OpenSSH\;C:\Program Files\dotnet\;C:\Program Files\Intel\Intel(R) Memory and Storage Tool\;C:\Program Files\NVIDIA Corporation\NVIDIA App\NvDLISR;C:\Program Files\nodejs\;C:\ProgramData\chocolatey\bin;C:\Program Files\Git\cmd;C:\Program Files\GitHub CLI\;C:\Users\triad\AppData\Local\Microsoft\WindowsApps;;C:\Users\triad\AppData\Roaming\Programs\Zero Install;C:\Users\triad\AppData\Local\Microsoft\WindowsApps;C:\Users\triad\AppData\Local\Programs\Antigravity\bin;C:\Users\triad\AppData\Roaming\npm
USERNAME=triad
OS=Windows_NT
PROCESSOR_IDENTIFIER=Intel64 Family 6 Model 142 Stepping 12, GenuineIntel



---------------  S Y S T E M  ---------------

OS:
 Windows 11 , 64 bit Build 26100 (10.0.26100.7920)
OS uptime: 11 days 1:03 hours
Hyper-V role detected

CPU: total 8 (initial active 8) (4 cores per cpu, 2 threads per core) family 6 model 142 stepping 12 microcode 0xde, cx8, cmov, fxsr, ht, mmx, 3dnowpref, sse, sse2, sse3, ssse3, sse4.1, sse4.2, popcnt, lzcnt, tsc, tscinvbit, avx, avx2, aes, erms, clmul, bmi1, bmi2, adx, fma, vzeroupper, clflush, clflushopt, hv

Memory: 4k page, system-wide physical 16182M (1474M free)
TotalPageFile size 40182M (AvailPageFile size 2M)
current process WorkingSet (physical memory assigned to process): 1679M, peak: 1682M
current process commit charge ("private bytes"): 1946M, peak: 1985M

vm_info: Java HotSpot(TM) 64-Bit Server VM (17.0.12+8-LTS-286) for windows-amd64 JRE (17.0.12+8-LTS-286), built on Jun  5 2024 06:46:59 by "mach5one" with MS VC++ 17.6 (VS2022)

END.
